This is pdfeTeXk, Version 3.141592-1.30.4-2.2 (Web2C 7.5.5) (format=pdflatex 2006.10.6)  5 APR 2007 21:55
entering extended mode
 file:line:error style messages enabled.
**GPDocumentation.tex
(./GPDocumentation.tex
LaTeX2e <2005/12/01>
Babel <v3.8d> and hyphenation patterns for american, french, german, ngerman, d
utch, italian, norsk, portuges, spanish, swedish, nohyphenation, loaded.
(./manual.cls
Document Class: manual 1998/03/03 Document class (Python manual)
(./pypaper.sty (/usr/local/teTeX/share/texmf.tetex/tex/latex/psnfss/times.sty
Package: times 2004/09/15 PSNFSS-v9.2 (SPQR) 
)
Using Times instead of Computer Modern.
) (/usr/local/teTeX/share/texmf.tetex/tex/latex/fancybox/fancybox.sty
Package: fancybox 2000/09/19 1.3

Style option: `fancybox' v1.3 <2000/09/19> (tvz)
\@fancybox=\box26
\shadowsize=\dimen102
\@Sbox=\box27
\do@VerbBox=\toks14
\the@fancyput=\toks15
\this@fancyput=\toks16
\EndVerbatimTokens=\toks17
\Verbatim@Outfile=\write3
\Verbatim@Infile=\read1
) (/usr/local/teTeX/share/texmf.local/tex/latex/base/report.cls
Document Class: report 2005/09/16 v1.4f Standard LaTeX document class
(/usr/local/teTeX/share/texmf.local/tex/latex/base/size10.clo
File: size10.clo 2005/09/16 v1.4f Standard LaTeX file (size option)
)
\c@part=\count79
\c@chapter=\count80
\c@section=\count81
\c@subsection=\count82
\c@subsubsection=\count83
\c@paragraph=\count84
\c@subparagraph=\count85
\c@figure=\count86
\c@table=\count87
\abovecaptionskip=\skip41
\belowcaptionskip=\skip42
\bibindent=\dimen103
) (./fancyhdr.sty
\headwidth=\dimen104
)
Using fancier footers than usual.
(./fncychap.sty
Package: fncychap 1997/04/06 v1.11 LaTeX package (Revised chapters)
\RW=\skip43
\mylen=\skip44
\myhi=\skip45
\px=\skip46
\py=\skip47
\pyy=\skip48
\pxx=\skip49
\c@AlphaCnt=\count88
\c@AlphaDecCnt=\count89
)
Using fancy chapter headings.
(./python.sty
Package: python 1998/01/11 LaTeX package (Python markup)
 (/usr/local/teTeX/share/texmf.local/tex/latex/tools/longtable.sty
Package: longtable 2004/02/01 v4.11 Multi-page Table package (DPC)
\LTleft=\skip50
\LTright=\skip51
\LTpre=\skip52
\LTpost=\skip53
\LTchunksize=\count90
\LTcapwidth=\dimen105
\LT@head=\box28
\LT@firsthead=\box29
\LT@foot=\box30
\LT@lastfoot=\box31
\LT@cols=\count91
\LT@rows=\count92
\c@LT@tables=\count93
\c@LT@chunks=\count94
\LT@p@ftn=\toks18
) (./underscore.sty
Package: underscore 2001/10/12
LaTeX Info: Redefining \_ on input line 34.
)
(/usr/local/teTeX/share/texmf.tetex/tex/plain/pdfcolor/pdfcolor.tex)
(/usr/local/teTeX/share/texmf.local/tex/latex/tools/verbatim.sty
Package: verbatim 2003/08/22 v1.5q LaTeX2e package for verbatim enhancements
\every@verbatim=\toks19
\verbatim@line=\toks20
\verbatim@in@stream=\read2
)
\py@codewidth=\skip54

(/usr/local/teTeX/share/texmf.local/tex/latex/base/alltt.sty
Package: alltt 1997/06/16 v2.0g defines alltt environment
)
\py@ModSynopsisFile=\write4
\py@argswidth=\skip55
\py@noticelength=\skip56
\c@py@tablenotescounter=\count95
))
(/usr/local/teTeX/share/texmf.local/tex/latex/graphics/epsfig.sty
Package: epsfig 1999/02/16 v1.7a (e)psfig emulation (SPQR)

(/usr/local/teTeX/share/texmf.local/tex/latex/graphics/graphicx.sty
Package: graphicx 1999/02/16 v1.0f Enhanced LaTeX Graphics (DPC,SPQR)

(/usr/local/teTeX/share/texmf.local/tex/latex/graphics/keyval.sty
Package: keyval 1999/03/16 v1.13 key=value parser (DPC)
\KV@toks@=\toks21
)
(/usr/local/teTeX/share/texmf.local/tex/latex/graphics/graphics.sty
Package: graphics 2006/02/20 v1.0o Standard LaTeX Graphics (DPC,SPQR)

(/usr/local/teTeX/share/texmf.local/tex/latex/graphics/trig.sty
Package: trig 1999/03/16 v1.09 sin cos tan (DPC)
)
(/usr/local/teTeX/share/texmf.tetex/tex/latex/graphics/graphics.cfg
File: graphics.cfg 2005/02/03 v1.3 graphics configuration of teTeX/TeXLive
)
Package graphics Info: Driver file: pdftex.def on input line 90.

(/usr/local/teTeX/share/texmf.tetex/tex/latex/graphics/pdftex.def
File: pdftex.def 2002/06/19 v0.03k graphics/color for pdftex
\Gread@gobject=\count96
))
\Gin@req@height=\dimen106
\Gin@req@width=\dimen107
)
\epsfxsize=\dimen108
\epsfysize=\dimen109
)
(/usr/local/teTeX/share/texmf.tetex/tex/latex/amsfonts/amsfonts.sty
Package: amsfonts 2001/10/25 v2.2f
\@emptytoks=\toks22
\symAMSa=\mathgroup4
\symAMSb=\mathgroup5
LaTeX Font Info:    Overwriting math alphabet `\mathfrak' in version `bold'
(Font)                  U/euf/m/n --> U/euf/b/n on input line 132.
)
(./GPDocumentation.aux
./GPDocumentation.aux:36: Missing \endcsname inserted.
<to be read again> 
                   \unhbox 
l.36 \newlabel{sec:lin_op}{{3.5}{9}}
                                    
The control sequence marked <to be read again> should
not appear between \csname and \endcsname.

./GPDocumentation.aux:36: Extra \else.
_...mode \sb \else \BreakableUnderscore \fi \else 
                                                  \ifx \protect \@unexpandab...
l.36 \newlabel{sec:lin_op}{{3.5}{9}}
                                    
I'm ignoring this; it doesn't match any \if.


./GPDocumentation.aux:36: LaTeX Error: Missing \begin{document}.

See the LaTeX manual or LaTeX Companion for explanation.
Type  H <return>  for immediate help.
 ...                                              
                                                  
l.36 \newlabel{sec:lin_op}{{3.5}{9}}
                                    
You're in trouble here.  Try typing  <return>  to proceed.
If that doesn't work, type  X <return>  to quit.

./GPDocumentation.aux:36: Extra \endcsname.
\@ifundefined ...dafter \ifx \csname #1\endcsname 
                                                  \relax \expandafter \@firs...
l.36 \newlabel{sec:lin_op}{{3.5}{9}}
                                    
I'm ignoring this, since I wasn't doing a \csname.

./GPDocumentation.aux:36: Extra \else.
\@ifundefined ... \expandafter \@firstoftwo \else 
                                                  \expandafter \@secondoftwo...
l.36 \newlabel{sec:lin_op}{{3.5}{9}}
                                    
I'm ignoring this; it doesn't match any \if.


LaTeX Warning: Label `sec:lin_op' multiply defined.

./GPDocumentation.aux:36: Missing \endcsname inserted.
<to be read again> 
                   \unhbox 
l.36 \newlabel{sec:lin_op}{{3.5}{9}}
                                    
The control sequence marked <to be read again> should
not appear between \csname and \endcsname.

./GPDocumentation.aux:44: Missing \endcsname inserted.
<to be read again> 
                   \unhbox 
l.44 \newlabel{sec:user_cov}{{3.8}{10}}
                                       
The control sequence marked <to be read again> should
not appear between \csname and \endcsname.

./GPDocumentation.aux:44: Extra \else.
_...mode \sb \else \BreakableUnderscore \fi \else 
                                                  \ifx \protect \@unexpandab...
l.44 \newlabel{sec:user_cov}{{3.8}{10}}
                                       
I'm ignoring this; it doesn't match any \if.

./GPDocumentation.aux:44: Extra \endcsname.
\@ifundefined ...dafter \ifx \csname #1\endcsname 
                                                  \relax \expandafter \@firs...
l.44 \newlabel{sec:user_cov}{{3.8}{10}}
                                       
I'm ignoring this, since I wasn't doing a \csname.

./GPDocumentation.aux:44: Extra \else.
\@ifundefined ... \expandafter \@firstoftwo \else 
                                                  \expandafter \@secondoftwo...
l.44 \newlabel{sec:user_cov}{{3.8}{10}}
                                       
I'm ignoring this; it doesn't match any \if.


LaTeX Warning: Label `sec:user_cov' multiply defined.

./GPDocumentation.aux:44: Missing \endcsname inserted.
<to be read again> 
                   \unhbox 
l.44 \newlabel{sec:user_cov}{{3.8}{10}}
                                       
The control sequence marked <to be read again> should
not appear between \csname and \endcsname.

)
\openout1 = `GPDocumentation.aux'.

LaTeX Font Info:    Checking defaults for OML/cmm/m/it on input line 9.
LaTeX Font Info:    ... okay on input line 9.
LaTeX Font Info:    Checking defaults for T1/cmr/m/n on input line 9.
LaTeX Font Info:    ... okay on input line 9.
LaTeX Font Info:    Checking defaults for OT1/cmr/m/n on input line 9.
LaTeX Font Info:    ... okay on input line 9.
LaTeX Font Info:    Checking defaults for OMS/cmsy/m/n on input line 9.
LaTeX Font Info:    ... okay on input line 9.
LaTeX Font Info:    Checking defaults for OMX/cmex/m/n on input line 9.
LaTeX Font Info:    ... okay on input line 9.
LaTeX Font Info:    Checking defaults for U/cmr/m/n on input line 9.
LaTeX Font Info:    ... okay on input line 9.
LaTeX Font Info:    Try loading font information for OT1+ptm on input line 9.
 (/usr/local/teTeX/share/texmf.tetex/tex/latex/psnfss/ot1ptm.fd
File: ot1ptm.fd 2001/06/04 font definitions for OT1/ptm.
)
(/usr/local/teTeX/share/texmf.local/tex/context/base/supp-pdf.tex
[Loading MPS to PDF converter (version 2006.09.02).]
\scratchcounter=\count97
\scratchdimen=\dimen110
\scratchbox=\box32
\nofMPsegments=\count98
\nofMParguments=\count99
\MPscratchCnt=\count100
\MPscratchDim=\dimen111
\MPnumerator=\count101
\everyMPtoPDFconversion=\toks23
) [1

{/usr/local/teTeX/share/texmf.local/fonts/map/pdftex/updmap/pdftex.map}]
LaTeX Font Info:    Try loading font information for OT1+phv on input line 13.

(/usr/local/teTeX/share/texmf.tetex/tex/latex/psnfss/ot1phv.fd
File: ot1phv.fd 2001/06/04 scalable font definitions for OT1/phv.
)
LaTeX Font Info:    Font shape `OT1/phv/m/it' in size <17.28> not available
(Font)              Font shape `OT1/phv/m/sl' tried instead on input line 13.
 [1]
(./GPDocumentation.toc
LaTeX Font Info:    Font shape `OT1/ptm/bx/n' in size <10> not available
(Font)              Font shape `OT1/ptm/b/n' tried instead on input line 1.
LaTeX Font Info:    Try loading font information for U+msa on input line 3.

(/usr/local/teTeX/share/texmf.tetex/tex/latex/amsfonts/umsa.fd
File: umsa.fd 2002/01/19 v2.2g AMS font definitions
)
LaTeX Font Info:    Try loading font information for U+msb on input line 3.

(/usr/local/teTeX/share/texmf.tetex/tex/latex/amsfonts/umsb.fd
File: umsb.fd 2002/01/19 v2.2g AMS font definitions
))
\tf@toc=\write5
\openout5 = `GPDocumentation.toc'.


Adding blank page after the table of contents.
[1

] [2]
Chapter 1.
LaTeX Font Info:    Font shape `OT1/phv/bx/n' in size <10> not available
(Font)              Font shape `OT1/phv/b/n' tried instead on input line 16.
LaTeX Font Info:    Font shape `OT1/phv/bx/n' in size <14.4> not available
(Font)              Font shape `OT1/phv/b/n' tried instead on input line 16.
[1


] [2

]
Chapter 2.
LaTeX Font Info:    Try loading font information for OMS+ptm on input line 36.
(/usr/local/teTeX/share/texmf.tetex/tex/latex/psnfss/omsptm.fd
File: omsptm.fd 
)
LaTeX Font Info:    Font shape `OMS/ptm/m/n' in size <10> not available
(Font)              Font shape `OMS/cmsy/m/n' tried instead on input line 36.
LaTeX Font Info:    Try loading font information for OT1+pcr on input line 45.

(/usr/local/teTeX/share/texmf.tetex/tex/latex/psnfss/ot1pcr.fd
File: ot1pcr.fd 2001/06/04 font definitions for OT1/pcr.
) [3] [4

]
Chapter 3.
[5]
File: ../examples/cov.py  (verbatim)
 [6]
File: ../examples/mean.py  (verbatim)
 [7]
File: ../examples/realizations.py  (verbatim)
 [8]
./GPDocumentation.tex:154: Undefined control sequence.
l.154 ...tly constrain it. Introduce the \argument
                                                  {lintrans} argument.
The control sequence at the end of the top line
of your error message was never \def'ed. If you have
misspelled it (e.g., `\hobx'), type `I' and the correct
spelling (e.g., `I\hbox'). Otherwise just continue,
and I'll forget about whatever was undefined.

[9] [10]
Chapter 4.
[11

] (./GPDocumentation.aux
./GPDocumentation.aux:36: Missing \endcsname inserted.
<to be read again> 
                   \unhbox 
l.36 \newlabel{sec:lin_op}{{3.5}{9}}
                                    
The control sequence marked <to be read again> should
not appear between \csname and \endcsname.

./GPDocumentation.aux:36: Extra \else.
_...mode \sb \else \BreakableUnderscore \fi \else 
                                                  \ifx \protect \@unexpandab...
l.36 \newlabel{sec:lin_op}{{3.5}{9}}
                                    
I'm ignoring this; it doesn't match any \if.

./GPDocumentation.aux:36: Extra \endcsname.
\@newl@bel ...dafter \ifx \csname #1@#2\endcsname 
                                                  \reserved@a \else \@tempsw...
l.36 \newlabel{sec:lin_op}{{3.5}{9}}
                                    
I'm ignoring this, since I wasn't doing a \csname.

./GPDocumentation.aux:36: Extra \else.
\@newl@bel ...e #1@#2\endcsname \reserved@a \else 
                                                  \@tempswatrue \fi 
l.36 \newlabel{sec:lin_op}{{3.5}{9}}
                                    
I'm ignoring this; it doesn't match any \if.

./GPDocumentation.aux:44: Missing \endcsname inserted.
<to be read again> 
                   \unhbox 
l.44 \newlabel{sec:user_cov}{{3.8}{10}}
                                       
The control sequence marked <to be read again> should
not appear between \csname and \endcsname.

./GPDocumentation.aux:44: Extra \else.
_...mode \sb \else \BreakableUnderscore \fi \else 
                                                  \ifx \protect \@unexpandab...
l.44 \newlabel{sec:user_cov}{{3.8}{10}}
                                       
I'm ignoring this; it doesn't match any \if.

./GPDocumentation.aux:44: Extra \endcsname.
\@newl@bel ...dafter \ifx \csname #1@#2\endcsname 
                                                  \reserved@a \else \@tempsw...
l.44 \newlabel{sec:user_cov}{{3.8}{10}}
                                       
I'm ignoring this, since I wasn't doing a \csname.

./GPDocumentation.aux:44: Extra \else.
\@newl@bel ...e #1@#2\endcsname \reserved@a \else 
                                                  \@tempswatrue \fi 
l.44 \newlabel{sec:user_cov}{{3.8}{10}}
                                       
I'm ignoring this; it doesn't match any \if.

)

LaTeX Warning: There were multiply-defined labels.

 )
(\end occurred when \ifmmode on line 44 was incomplete)
(\end occurred when \ifx on line 44 was incomplete)
(\end occurred when \ifx on line 44 was incomplete)
(\end occurred when \ifmmode on line 36 was incomplete)
(\end occurred when \ifx on line 36 was incomplete)
(\end occurred when \ifx on line 36 was incomplete) 
Here is how much of TeX's memory you used:
 2107 strings out of 95125
 26696 string characters out of 1182969
 2073603 words of memory out of 4528356
 5199 multiletter control sequences out of 10000+50000
 28280 words of font info for 54 fonts, out of 2000000 for 2000
 59 hyphenation exceptions out of 5000
 32i,11n,42p,754b,317s stack positions out of 5000i,500n,6000p,200000b,40000s
PDF statistics:
 136 PDF objects out of 300000
 28 named destinations out of 131072
 1 words of extra memory for PDF output out of 10000
</usr/local/teTeX/share/texm
f.tetex/fonts/type1/bluesky/cm/cmr7.pfb></usr/local/teTeX/share/texmf.tetex/fon
ts/type1/bluesky/cm/cmmi5.pfb></usr/local/teTeX/share/texmf.tetex/fonts/type1/b
luesky/cm/cmsy5.pfb></usr/local/teTeX/share/texmf.tetex/fonts/type1/bluesky/cm/
cmsy7.pfb></usr/local/teTeX/share/texmf.tetex/fonts/type1/bluesky/cm/cmmi10.pfb
>{/usr/local/teTeX/share/texmf.tetex/fonts/enc/dvips/psnfss/8r.enc}</usr/local/
teTeX/share/texmf.tetex/fonts/type1/urw/courier/ucrr8a.pfb></usr/local/teTeX/sh
are/texmf.tetex/fonts/type1/urw/times/utmri8a.pfb></usr/local/teTeX/share/texmf
.tetex/fonts/type1/bluesky/cm/cmsy10.pfb></usr/local/teTeX/share/texmf.tetex/fo
nts/type1/urw/helvetic/uhvb8a.pfb></usr/local/teTeX/share/texmf.tetex/fonts/typ
e1/urw/times/utmb8a.pfb></usr/local/teTeX/share/texmf.tetex/fonts/type1/urw/tim
es/utmr8a.pfb></usr/local/teTeX/share/texmf.tetex/fonts/type1/urw/helvetic/uhvr
o8a.pfb></usr/local/teTeX/share/texmf.tetex/fonts/type1/urw/helvetic/uhvr8a.pfb
></usr/local/teTeX/share/texmf.tetex/fonts/type1/bluesky/cm/cmr10.pfb>
Output written on GPDocumentation.pdf (15 pages, 131898 bytes).
