This is pdfTeX, Version 3.1415926-2.3-1.40.12 (TeX Live 2011) (format=pdflatex 2011.7.3)  20 AUG 2011 10:59
entering extended mode
 restricted \write18 enabled.
 file:line:error style messages enabled.
 %&-line parsing enabled.
**PyMC.tex
(./PyMC.tex
LaTeX2e <2009/09/24>
Babel <v3.8l> and hyphenation patterns for english, dumylang, nohyphenation, ge
rman-x-2009-06-19, ngerman-x-2009-06-19, afrikaans, ancientgreek, ibycus, arabi
c, armenian, basque, bulgarian, catalan, pinyin, coptic, croatian, czech, danis
h, dutch, ukenglish, usenglishmax, esperanto, estonian, ethiopic, farsi, finnis
h, french, galician, german, ngerman, swissgerman, monogreek, greek, hungarian,
 icelandic, assamese, bengali, gujarati, hindi, kannada, malayalam, marathi, or
iya, panjabi, tamil, telugu, indonesian, interlingua, irish, italian, kurmanji,
 lao, latin, latvian, lithuanian, mongolian, mongolianlmc, bokmal, nynorsk, pol
ish, portuguese, romanian, russian, sanskrit, serbian, serbianc, slovak, sloven
ian, spanish, swedish, turkish, turkmen, ukrainian, uppersorbian, welsh, loaded
.
(./sphinxmanual.cls
Document Class: sphinxmanual 2009/06/02 Document class (Sphinx manual)
(/usr/local/texlive/2011/texmf-dist/tex/latex/base/report.cls
Document Class: report 2007/10/19 v1.4h Standard LaTeX document class
(/usr/local/texlive/2011/texmf-dist/tex/latex/base/size10.clo
File: size10.clo 2007/10/19 v1.4h Standard LaTeX file (size option)
)
\c@part=\count79
\c@chapter=\count80
\c@section=\count81
\c@subsection=\count82
\c@subsubsection=\count83
\c@paragraph=\count84
\c@subparagraph=\count85
\c@figure=\count86
\c@table=\count87
\abovecaptionskip=\skip41
\belowcaptionskip=\skip42
\bibindent=\dimen102
))
(/usr/local/texlive/2011/texmf-dist/tex/latex/base/inputenc.sty
Package: inputenc 2008/03/30 v1.1d Input encoding file
\inpenc@prehook=\toks14
\inpenc@posthook=\toks15

(/usr/local/texlive/2011/texmf-dist/tex/latex/base/utf8.def
File: utf8.def 2008/04/05 v1.1m UTF-8 support for inputenc
Now handling font encoding OML ...
... no UTF-8 mapping file for font encoding OML
Now handling font encoding T1 ...
... processing UTF-8 mapping file for font encoding T1

(/usr/local/texlive/2011/texmf-dist/tex/latex/base/t1enc.dfu
File: t1enc.dfu 2008/04/05 v1.1m UTF-8 support for inputenc
   defining Unicode char U+00A1 (decimal 161)
   defining Unicode char U+00A3 (decimal 163)
   defining Unicode char U+00AB (decimal 171)
   defining Unicode char U+00BB (decimal 187)
   defining Unicode char U+00BF (decimal 191)
   defining Unicode char U+00C0 (decimal 192)
   defining Unicode char U+00C1 (decimal 193)
   defining Unicode char U+00C2 (decimal 194)
   defining Unicode char U+00C3 (decimal 195)
   defining Unicode char U+00C4 (decimal 196)
   defining Unicode char U+00C5 (decimal 197)
   defining Unicode char U+00C6 (decimal 198)
   defining Unicode char U+00C7 (decimal 199)
   defining Unicode char U+00C8 (decimal 200)
   defining Unicode char U+00C9 (decimal 201)
   defining Unicode char U+00CA (decimal 202)
   defining Unicode char U+00CB (decimal 203)
   defining Unicode char U+00CC (decimal 204)
   defining Unicode char U+00CD (decimal 205)
   defining Unicode char U+00CE (decimal 206)
   defining Unicode char U+00CF (decimal 207)
   defining Unicode char U+00D0 (decimal 208)
   defining Unicode char U+00D1 (decimal 209)
   defining Unicode char U+00D2 (decimal 210)
   defining Unicode char U+00D3 (decimal 211)
   defining Unicode char U+00D4 (decimal 212)
   defining Unicode char U+00D5 (decimal 213)
   defining Unicode char U+00D6 (decimal 214)
   defining Unicode char U+00D8 (decimal 216)
   defining Unicode char U+00D9 (decimal 217)
   defining Unicode char U+00DA (decimal 218)
   defining Unicode char U+00DB (decimal 219)
   defining Unicode char U+00DC (decimal 220)
   defining Unicode char U+00DD (decimal 221)
   defining Unicode char U+00DE (decimal 222)
   defining Unicode char U+00DF (decimal 223)
   defining Unicode char U+00E0 (decimal 224)
   defining Unicode char U+00E1 (decimal 225)
   defining Unicode char U+00E2 (decimal 226)
   defining Unicode char U+00E3 (decimal 227)
   defining Unicode char U+00E4 (decimal 228)
   defining Unicode char U+00E5 (decimal 229)
   defining Unicode char U+00E6 (decimal 230)
   defining Unicode char U+00E7 (decimal 231)
   defining Unicode char U+00E8 (decimal 232)
   defining Unicode char U+00E9 (decimal 233)
   defining Unicode char U+00EA (decimal 234)
   defining Unicode char U+00EB (decimal 235)
   defining Unicode char U+00EC (decimal 236)
   defining Unicode char U+00ED (decimal 237)
   defining Unicode char U+00EE (decimal 238)
   defining Unicode char U+00EF (decimal 239)
   defining Unicode char U+00F0 (decimal 240)
   defining Unicode char U+00F1 (decimal 241)
   defining Unicode char U+00F2 (decimal 242)
   defining Unicode char U+00F3 (decimal 243)
   defining Unicode char U+00F4 (decimal 244)
   defining Unicode char U+00F5 (decimal 245)
   defining Unicode char U+00F6 (decimal 246)
   defining Unicode char U+00F8 (decimal 248)
   defining Unicode char U+00F9 (decimal 249)
   defining Unicode char U+00FA (decimal 250)
   defining Unicode char U+00FB (decimal 251)
   defining Unicode char U+00FC (decimal 252)
   defining Unicode char U+00FD (decimal 253)
   defining Unicode char U+00FE (decimal 254)
   defining Unicode char U+00FF (decimal 255)
   defining Unicode char U+0102 (decimal 258)
   defining Unicode char U+0103 (decimal 259)
   defining Unicode char U+0104 (decimal 260)
   defining Unicode char U+0105 (decimal 261)
   defining Unicode char U+0106 (decimal 262)
   defining Unicode char U+0107 (decimal 263)
   defining Unicode char U+010C (decimal 268)
   defining Unicode char U+010D (decimal 269)
   defining Unicode char U+010E (decimal 270)
   defining Unicode char U+010F (decimal 271)
   defining Unicode char U+0110 (decimal 272)
   defining Unicode char U+0111 (decimal 273)
   defining Unicode char U+0118 (decimal 280)
   defining Unicode char U+0119 (decimal 281)
   defining Unicode char U+011A (decimal 282)
   defining Unicode char U+011B (decimal 283)
   defining Unicode char U+011E (decimal 286)
   defining Unicode char U+011F (decimal 287)
   defining Unicode char U+0130 (decimal 304)
   defining Unicode char U+0131 (decimal 305)
   defining Unicode char U+0132 (decimal 306)
   defining Unicode char U+0133 (decimal 307)
   defining Unicode char U+0139 (decimal 313)
   defining Unicode char U+013A (decimal 314)
   defining Unicode char U+013D (decimal 317)
   defining Unicode char U+013E (decimal 318)
   defining Unicode char U+0141 (decimal 321)
   defining Unicode char U+0142 (decimal 322)
   defining Unicode char U+0143 (decimal 323)
   defining Unicode char U+0144 (decimal 324)
   defining Unicode char U+0147 (decimal 327)
   defining Unicode char U+0148 (decimal 328)
   defining Unicode char U+014A (decimal 330)
   defining Unicode char U+014B (decimal 331)
   defining Unicode char U+0150 (decimal 336)
   defining Unicode char U+0151 (decimal 337)
   defining Unicode char U+0152 (decimal 338)
   defining Unicode char U+0153 (decimal 339)
   defining Unicode char U+0154 (decimal 340)
   defining Unicode char U+0155 (decimal 341)
   defining Unicode char U+0158 (decimal 344)
   defining Unicode char U+0159 (decimal 345)
   defining Unicode char U+015A (decimal 346)
   defining Unicode char U+015B (decimal 347)
   defining Unicode char U+015E (decimal 350)
   defining Unicode char U+015F (decimal 351)
   defining Unicode char U+0160 (decimal 352)
   defining Unicode char U+0161 (decimal 353)
   defining Unicode char U+0162 (decimal 354)
   defining Unicode char U+0163 (decimal 355)
   defining Unicode char U+0164 (decimal 356)
   defining Unicode char U+0165 (decimal 357)
   defining Unicode char U+016E (decimal 366)
   defining Unicode char U+016F (decimal 367)
   defining Unicode char U+0170 (decimal 368)
   defining Unicode char U+0171 (decimal 369)
   defining Unicode char U+0178 (decimal 376)
   defining Unicode char U+0179 (decimal 377)
   defining Unicode char U+017A (decimal 378)
   defining Unicode char U+017B (decimal 379)
   defining Unicode char U+017C (decimal 380)
   defining Unicode char U+017D (decimal 381)
   defining Unicode char U+017E (decimal 382)
   defining Unicode char U+200C (decimal 8204)
   defining Unicode char U+2013 (decimal 8211)
   defining Unicode char U+2014 (decimal 8212)
   defining Unicode char U+2018 (decimal 8216)
   defining Unicode char U+2019 (decimal 8217)
   defining Unicode char U+201A (decimal 8218)
   defining Unicode char U+201C (decimal 8220)
   defining Unicode char U+201D (decimal 8221)
   defining Unicode char U+201E (decimal 8222)
   defining Unicode char U+2030 (decimal 8240)
   defining Unicode char U+2031 (decimal 8241)
   defining Unicode char U+2039 (decimal 8249)
   defining Unicode char U+203A (decimal 8250)
   defining Unicode char U+2423 (decimal 9251)
)
Now handling font encoding OT1 ...
... processing UTF-8 mapping file for font encoding OT1

(/usr/local/texlive/2011/texmf-dist/tex/latex/base/ot1enc.dfu
File: ot1enc.dfu 2008/04/05 v1.1m UTF-8 support for inputenc
   defining Unicode char U+00A1 (decimal 161)
   defining Unicode char U+00A3 (decimal 163)
   defining Unicode char U+00B8 (decimal 184)
   defining Unicode char U+00BF (decimal 191)
   defining Unicode char U+00C5 (decimal 197)
   defining Unicode char U+00C6 (decimal 198)
   defining Unicode char U+00D8 (decimal 216)
   defining Unicode char U+00DF (decimal 223)
   defining Unicode char U+00E6 (decimal 230)
   defining Unicode char U+00EC (decimal 236)
   defining Unicode char U+00ED (decimal 237)
   defining Unicode char U+00EE (decimal 238)
   defining Unicode char U+00EF (decimal 239)
   defining Unicode char U+00F8 (decimal 248)
   defining Unicode char U+0131 (decimal 305)
   defining Unicode char U+0141 (decimal 321)
   defining Unicode char U+0142 (decimal 322)
   defining Unicode char U+0152 (decimal 338)
   defining Unicode char U+0153 (decimal 339)
   defining Unicode char U+2013 (decimal 8211)
   defining Unicode char U+2014 (decimal 8212)
   defining Unicode char U+2018 (decimal 8216)
   defining Unicode char U+2019 (decimal 8217)
   defining Unicode char U+201C (decimal 8220)
   defining Unicode char U+201D (decimal 8221)
)
Now handling font encoding OMS ...
... processing UTF-8 mapping file for font encoding OMS

(/usr/local/texlive/2011/texmf-dist/tex/latex/base/omsenc.dfu
File: omsenc.dfu 2008/04/05 v1.1m UTF-8 support for inputenc
   defining Unicode char U+00A7 (decimal 167)
   defining Unicode char U+00B6 (decimal 182)
   defining Unicode char U+00B7 (decimal 183)
   defining Unicode char U+2020 (decimal 8224)
   defining Unicode char U+2021 (decimal 8225)
   defining Unicode char U+2022 (decimal 8226)
)
Now handling font encoding OMX ...
... no UTF-8 mapping file for font encoding OMX
Now handling font encoding U ...
... no UTF-8 mapping file for font encoding U
   defining Unicode char U+00A9 (decimal 169)
   defining Unicode char U+00AA (decimal 170)
   defining Unicode char U+00AE (decimal 174)
   defining Unicode char U+00BA (decimal 186)
   defining Unicode char U+02C6 (decimal 710)
   defining Unicode char U+02DC (decimal 732)
   defining Unicode char U+200C (decimal 8204)
   defining Unicode char U+2026 (decimal 8230)
   defining Unicode char U+2122 (decimal 8482)
   defining Unicode char U+2423 (decimal 9251)
))
   defining Unicode char U+00A0 (decimal 160)

(/usr/local/texlive/2011/texmf-dist/tex/latex/base/fontenc.sty
Package: fontenc 2005/09/27 v1.99g Standard LaTeX package

(/usr/local/texlive/2011/texmf-dist/tex/latex/base/t1enc.def
File: t1enc.def 2005/09/27 v1.99g Standard LaTeX file
LaTeX Font Info:    Redeclaring font encoding T1 on input line 43.
))
(/usr/local/texlive/2011/texmf-dist/tex/generic/babel/babel.sty
Package: babel 2008/07/06 v3.8l The Babel package

(/usr/local/texlive/2011/texmf-dist/tex/generic/babel/english.ldf
Language: english 2005/03/30 v3.3o English support from the babel system

(/usr/local/texlive/2011/texmf-dist/tex/generic/babel/babel.def
File: babel.def 2008/07/06 v3.8l Babel common definitions
\babel@savecnt=\count88
\U@D=\dimen103
)
\l@canadian = a dialect from \language\l@american 
\l@australian = a dialect from \language\l@british 
\l@newzealand = a dialect from \language\l@british 
))
(/usr/local/texlive/2011/texmf-dist/tex/latex/psnfss/times.sty
Package: times 2005/04/12 PSNFSS-v9.2a (SPQR) 
) (./fncychap.sty
Package: fncychap 2007/07/30 v1.34 LaTeX package (Revised chapters)
\RW=\skip43
\mylen=\skip44
\myhi=\skip45
\px=\skip46
\py=\skip47
\pyy=\skip48
\pxx=\skip49
\c@AlphaCnt=\count89
\c@AlphaDecCnt=\count90
) (/usr/local/texlive/2011/texmf-dist/tex/latex/tools/longtable.sty
Package: longtable 2004/02/01 v4.11 Multi-page Table package (DPC)
\LTleft=\skip50
\LTright=\skip51
\LTpre=\skip52
\LTpost=\skip53
\LTchunksize=\count91
\LTcapwidth=\dimen104
\LT@head=\box26
\LT@firsthead=\box27
\LT@foot=\box28
\LT@lastfoot=\box29
\LT@cols=\count92
\LT@rows=\count93
\c@LT@tables=\count94
\c@LT@chunks=\count95
\LT@p@ftn=\toks16
)
(./sphinx.sty
Package: sphinx 2010/01/15 LaTeX package (Sphinx markup)
 (/usr/local/texlive/2011/texmf-dist/tex/latex/base/textcomp.sty
Package: textcomp 2005/09/27 v1.99g Standard LaTeX package
Package textcomp Info: Sub-encoding information:
(textcomp)               5 = only ISO-Adobe without \textcurrency
(textcomp)               4 = 5 + \texteuro
(textcomp)               3 = 4 + \textohm
(textcomp)               2 = 3 + \textestimated + \textcurrency
(textcomp)               1 = TS1 - \textcircled - \t
(textcomp)               0 = TS1 (full)
(textcomp)             Font families with sub-encoding setting implement
(textcomp)             only a restricted character set as indicated.
(textcomp)             Family '?' is the default used for unknown fonts.
(textcomp)             See the documentation for details.
Package textcomp Info: Setting ? sub-encoding to TS1/1 on input line 71.

(/usr/local/texlive/2011/texmf-dist/tex/latex/base/ts1enc.def
File: ts1enc.def 2001/06/05 v3.0e (jk/car/fm) Standard LaTeX file
Now handling font encoding TS1 ...
... processing UTF-8 mapping file for font encoding TS1

(/usr/local/texlive/2011/texmf-dist/tex/latex/base/ts1enc.dfu
File: ts1enc.dfu 2008/04/05 v1.1m UTF-8 support for inputenc
   defining Unicode char U+00A2 (decimal 162)
   defining Unicode char U+00A3 (decimal 163)
   defining Unicode char U+00A4 (decimal 164)
   defining Unicode char U+00A5 (decimal 165)
   defining Unicode char U+00A6 (decimal 166)
   defining Unicode char U+00A7 (decimal 167)
   defining Unicode char U+00A8 (decimal 168)
   defining Unicode char U+00A9 (decimal 169)
   defining Unicode char U+00AA (decimal 170)
   defining Unicode char U+00AC (decimal 172)
   defining Unicode char U+00AE (decimal 174)
   defining Unicode char U+00AF (decimal 175)
   defining Unicode char U+00B0 (decimal 176)
   defining Unicode char U+00B1 (decimal 177)
   defining Unicode char U+00B2 (decimal 178)
   defining Unicode char U+00B3 (decimal 179)
   defining Unicode char U+00B4 (decimal 180)
   defining Unicode char U+00B5 (decimal 181)
   defining Unicode char U+00B6 (decimal 182)
   defining Unicode char U+00B7 (decimal 183)
   defining Unicode char U+00B9 (decimal 185)
   defining Unicode char U+00BA (decimal 186)
   defining Unicode char U+00BC (decimal 188)
   defining Unicode char U+00BD (decimal 189)
   defining Unicode char U+00BE (decimal 190)
   defining Unicode char U+00D7 (decimal 215)
   defining Unicode char U+00F7 (decimal 247)
   defining Unicode char U+0192 (decimal 402)
   defining Unicode char U+02C7 (decimal 711)
   defining Unicode char U+02D8 (decimal 728)
   defining Unicode char U+02DD (decimal 733)
   defining Unicode char U+0E3F (decimal 3647)
   defining Unicode char U+2016 (decimal 8214)
   defining Unicode char U+2020 (decimal 8224)
   defining Unicode char U+2021 (decimal 8225)
   defining Unicode char U+2022 (decimal 8226)
   defining Unicode char U+2030 (decimal 8240)
   defining Unicode char U+2031 (decimal 8241)
   defining Unicode char U+203B (decimal 8251)
   defining Unicode char U+203D (decimal 8253)
   defining Unicode char U+2044 (decimal 8260)
   defining Unicode char U+204E (decimal 8270)
   defining Unicode char U+2052 (decimal 8274)
   defining Unicode char U+20A1 (decimal 8353)
   defining Unicode char U+20A4 (decimal 8356)
   defining Unicode char U+20A6 (decimal 8358)
   defining Unicode char U+20A9 (decimal 8361)
   defining Unicode char U+20AB (decimal 8363)
   defining Unicode char U+20AC (decimal 8364)
   defining Unicode char U+20B1 (decimal 8369)
   defining Unicode char U+2103 (decimal 8451)
   defining Unicode char U+2116 (decimal 8470)
   defining Unicode char U+2117 (decimal 8471)
   defining Unicode char U+211E (decimal 8478)
   defining Unicode char U+2120 (decimal 8480)
   defining Unicode char U+2122 (decimal 8482)
   defining Unicode char U+2126 (decimal 8486)
   defining Unicode char U+2127 (decimal 8487)
   defining Unicode char U+212E (decimal 8494)
   defining Unicode char U+2190 (decimal 8592)
   defining Unicode char U+2191 (decimal 8593)
   defining Unicode char U+2192 (decimal 8594)
   defining Unicode char U+2193 (decimal 8595)
   defining Unicode char U+2329 (decimal 9001)
   defining Unicode char U+232A (decimal 9002)
   defining Unicode char U+2422 (decimal 9250)
   defining Unicode char U+25E6 (decimal 9702)
   defining Unicode char U+25EF (decimal 9711)
   defining Unicode char U+266A (decimal 9834)
))
LaTeX Info: Redefining \oldstylenums on input line 266.
Package textcomp Info: Setting cmr sub-encoding to TS1/0 on input line 281.
Package textcomp Info: Setting cmss sub-encoding to TS1/0 on input line 282.
Package textcomp Info: Setting cmtt sub-encoding to TS1/0 on input line 283.
Package textcomp Info: Setting cmvtt sub-encoding to TS1/0 on input line 284.
Package textcomp Info: Setting cmbr sub-encoding to TS1/0 on input line 285.
Package textcomp Info: Setting cmtl sub-encoding to TS1/0 on input line 286.
Package textcomp Info: Setting ccr sub-encoding to TS1/0 on input line 287.
Package textcomp Info: Setting ptm sub-encoding to TS1/4 on input line 288.
Package textcomp Info: Setting pcr sub-encoding to TS1/4 on input line 289.
Package textcomp Info: Setting phv sub-encoding to TS1/4 on input line 290.
Package textcomp Info: Setting ppl sub-encoding to TS1/3 on input line 291.
Package textcomp Info: Setting pag sub-encoding to TS1/4 on input line 292.
Package textcomp Info: Setting pbk sub-encoding to TS1/4 on input line 293.
Package textcomp Info: Setting pnc sub-encoding to TS1/4 on input line 294.
Package textcomp Info: Setting pzc sub-encoding to TS1/4 on input line 295.
Package textcomp Info: Setting bch sub-encoding to TS1/4 on input line 296.
Package textcomp Info: Setting put sub-encoding to TS1/5 on input line 297.
Package textcomp Info: Setting uag sub-encoding to TS1/5 on input line 298.
Package textcomp Info: Setting ugq sub-encoding to TS1/5 on input line 299.
Package textcomp Info: Setting ul8 sub-encoding to TS1/4 on input line 300.
Package textcomp Info: Setting ul9 sub-encoding to TS1/4 on input line 301.
Package textcomp Info: Setting augie sub-encoding to TS1/5 on input line 302.
Package textcomp Info: Setting dayrom sub-encoding to TS1/3 on input line 303.
Package textcomp Info: Setting dayroms sub-encoding to TS1/3 on input line 304.

Package textcomp Info: Setting pxr sub-encoding to TS1/0 on input line 305.
Package textcomp Info: Setting pxss sub-encoding to TS1/0 on input line 306.
Package textcomp Info: Setting pxtt sub-encoding to TS1/0 on input line 307.
Package textcomp Info: Setting txr sub-encoding to TS1/0 on input line 308.
Package textcomp Info: Setting txss sub-encoding to TS1/0 on input line 309.
Package textcomp Info: Setting txtt sub-encoding to TS1/0 on input line 310.
Package textcomp Info: Setting futs sub-encoding to TS1/4 on input line 311.
Package textcomp Info: Setting futx sub-encoding to TS1/4 on input line 312.
Package textcomp Info: Setting futj sub-encoding to TS1/4 on input line 313.
Package textcomp Info: Setting hlh sub-encoding to TS1/3 on input line 314.
Package textcomp Info: Setting hls sub-encoding to TS1/3 on input line 315.
Package textcomp Info: Setting hlst sub-encoding to TS1/3 on input line 316.
Package textcomp Info: Setting hlct sub-encoding to TS1/5 on input line 317.
Package textcomp Info: Setting hlx sub-encoding to TS1/5 on input line 318.
Package textcomp Info: Setting hlce sub-encoding to TS1/5 on input line 319.
Package textcomp Info: Setting hlcn sub-encoding to TS1/5 on input line 320.
Package textcomp Info: Setting hlcw sub-encoding to TS1/5 on input line 321.
Package textcomp Info: Setting hlcf sub-encoding to TS1/5 on input line 322.
Package textcomp Info: Setting pplx sub-encoding to TS1/3 on input line 323.
Package textcomp Info: Setting pplj sub-encoding to TS1/3 on input line 324.
Package textcomp Info: Setting ptmx sub-encoding to TS1/4 on input line 325.
Package textcomp Info: Setting ptmj sub-encoding to TS1/4 on input line 326.
)
(/usr/local/texlive/2011/texmf-dist/tex/latex/fancyhdr/fancyhdr.sty
\fancy@headwidth=\skip54
\f@ncyO@elh=\skip55
\f@ncyO@erh=\skip56
\f@ncyO@olh=\skip57
\f@ncyO@orh=\skip58
\f@ncyO@elf=\skip59
\f@ncyO@erf=\skip60
\f@ncyO@olf=\skip61
\f@ncyO@orf=\skip62
)
(/usr/local/texlive/2011/texmf-dist/tex/latex/fancybox/fancybox.sty
Package: fancybox 2010/05/15 1.4

Style option: `fancybox' v1.4 <2010/05/15> (tvz)
\@fancybox=\box30
\shadowsize=\dimen105
\@Sbox=\box31
\do@VerbBox=\toks17
\the@fancyput=\toks18
\this@fancyput=\toks19
\EndVerbatimTokens=\toks20
\Verbatim@Outfile=\write3
\Verbatim@Infile=\read1
) (/usr/local/texlive/2011/texmf-dist/tex/latex/titlesec/titlesec.sty
Package: titlesec 2007/08/12 v2.8 Sectioning titles
\ttl@box=\box32
\beforetitleunit=\skip63
\aftertitleunit=\skip64
\ttl@plus=\dimen106
\ttl@minus=\dimen107
\ttl@toksa=\toks21
\titlewidth=\dimen108
\titlewidthlast=\dimen109
\titlewidthfirst=\dimen110
)
(./tabulary.sty
Package: tabulary 2007/10/02 v0.9 tabulary package (DPC)
 (/usr/local/texlive/2011/texmf-dist/tex/latex/tools/array.sty
Package: array 2008/09/09 v2.4c Tabular extension package (FMi)
\col@sep=\dimen111
\extrarowheight=\dimen112
\NC@list=\toks22
\extratabsurround=\skip65
\backup@length=\skip66
)
\TY@count=\count96
\TY@linewidth=\dimen113
\tymin=\dimen114
\tymax=\dimen115
\TY@tablewidth=\dimen116
) (/usr/local/texlive/2011/texmf-dist/tex/latex/amsmath/amsmath.sty
Package: amsmath 2000/07/18 v2.13 AMS math features
\@mathmargin=\skip67

For additional information on amsmath, use the `?' option.
(/usr/local/texlive/2011/texmf-dist/tex/latex/amsmath/amstext.sty
Package: amstext 2000/06/29 v2.01

(/usr/local/texlive/2011/texmf-dist/tex/latex/amsmath/amsgen.sty
File: amsgen.sty 1999/11/30 v2.0
\@emptytoks=\toks23
\ex@=\dimen117
))
(/usr/local/texlive/2011/texmf-dist/tex/latex/amsmath/amsbsy.sty
Package: amsbsy 1999/11/29 v1.2d
\pmbraise@=\dimen118
)
(/usr/local/texlive/2011/texmf-dist/tex/latex/amsmath/amsopn.sty
Package: amsopn 1999/12/14 v2.01 operator names
)
\inf@bad=\count97
LaTeX Info: Redefining \frac on input line 211.
\uproot@=\count98
\leftroot@=\count99
LaTeX Info: Redefining \overline on input line 307.
\classnum@=\count100
\DOTSCASE@=\count101
LaTeX Info: Redefining \ldots on input line 379.
LaTeX Info: Redefining \dots on input line 382.
LaTeX Info: Redefining \cdots on input line 467.
\Mathstrutbox@=\box33
\strutbox@=\box34
\big@size=\dimen119
LaTeX Font Info:    Redeclaring font encoding OML on input line 567.
LaTeX Font Info:    Redeclaring font encoding OMS on input line 568.
\macc@depth=\count102
\c@MaxMatrixCols=\count103
\dotsspace@=\muskip10
\c@parentequation=\count104
\dspbrk@lvl=\count105
\tag@help=\toks24
\row@=\count106
\column@=\count107
\maxfields@=\count108
\andhelp@=\toks25
\eqnshift@=\dimen120
\alignsep@=\dimen121
\tagshift@=\dimen122
\tagwidth@=\dimen123
\totwidth@=\dimen124
\lineht@=\dimen125
\@envbody=\toks26
\multlinegap=\skip68
\multlinetaggap=\skip69
\mathdisplay@stack=\toks27
LaTeX Info: Redefining \[ on input line 2666.
LaTeX Info: Redefining \] on input line 2667.
)
(/usr/local/texlive/2011/texmf-dist/tex/latex/base/makeidx.sty
Package: makeidx 2000/03/29 v1.0m Standard LaTeX package
)
(/usr/local/texlive/2011/texmf-dist/tex/latex/framed/framed.sty
Package: framed 2007/10/04 v 0.95: framed or shaded text with page breaks
\fb@frw=\dimen126
\fb@frh=\dimen127
\FrameRule=\dimen128
\FrameSep=\dimen129
)
(/usr/local/texlive/2011/texmf-dist/tex/latex/base/ifthen.sty
Package: ifthen 2001/05/26 v1.1c Standard LaTeX ifthen package (DPC)
)
(/usr/local/texlive/2011/texmf-dist/tex/latex/graphics/color.sty
Package: color 2005/11/14 v1.0j Standard LaTeX Color (DPC)

(/usr/local/texlive/2011/texmf-dist/tex/latex/latexconfig/color.cfg
File: color.cfg 2007/01/18 v1.5 color configuration of teTeX/TeXLive
)
Package color Info: Driver file: pdftex.def on input line 130.

(/usr/local/texlive/2011/texmf-dist/tex/latex/pdftex-def/pdftex.def
File: pdftex.def 2011/05/27 v0.06d Graphics/color for pdfTeX

(/usr/local/texlive/2011/texmf-dist/tex/generic/oberdiek/infwarerr.sty
Package: infwarerr 2010/04/08 v1.3 Providing info/warning/message (HO)
)
(/usr/local/texlive/2011/texmf-dist/tex/generic/oberdiek/ltxcmds.sty
Package: ltxcmds 2011/04/18 v1.20 LaTeX kernel commands for general use (HO)
)
\Gread@gobject=\count109
))
(/usr/local/texlive/2011/texmf-dist/tex/latex/fancyvrb/fancyvrb.sty
Package: fancyvrb 2008/02/07

Style option: `fancyvrb' v2.7a, with DG/SPQR fixes, and firstline=lastline fix 
<2008/02/07> (tvz)
(/usr/local/texlive/2011/texmf-dist/tex/latex/graphics/keyval.sty
Package: keyval 1999/03/16 v1.13 key=value parser (DPC)
\KV@toks@=\toks28
)
\FV@CodeLineNo=\count110
\FV@InFile=\read2
\FV@TabBox=\box35
\c@FancyVerbLine=\count111
\FV@StepNumber=\count112
\FV@OutFile=\write4
)
(/usr/local/texlive/2011/texmf-dist/tex/latex/threeparttable/threeparttable.sty
Package: threeparttable 2003/06/13  v 3.0
\@tempboxb=\box36
) (/usr/local/texlive/2011/texmf-dist/tex/latex/mdwtools/footnote.sty
Package: footnote 1997/01/28 1.13 Save footnotes around boxes
\fn@notes=\box37
\fn@width=\dimen130
)
(/usr/local/texlive/2011/texmf-dist/tex/latex/wrapfig/wrapfig.sty
\wrapoverhang=\dimen131
\WF@size=\dimen132
\c@WF@wrappedlines=\count113
\WF@box=\box38
\WF@everypar=\toks29
Package: wrapfig 2003/01/31  v 3.6
)
(/usr/local/texlive/2011/texmf-dist/tex/latex/parskip/parskip.sty
Package: parskip 2001/04/09 non-zero parskip adjustments
)
(/usr/local/texlive/2011/texmf-dist/tex/latex/graphics/graphicx.sty
Package: graphicx 1999/02/16 v1.0f Enhanced LaTeX Graphics (DPC,SPQR)

(/usr/local/texlive/2011/texmf-dist/tex/latex/graphics/graphics.sty
Package: graphics 2009/02/05 v1.0o Standard LaTeX Graphics (DPC,SPQR)

(/usr/local/texlive/2011/texmf-dist/tex/latex/graphics/trig.sty
Package: trig 1999/03/16 v1.09 sin cos tan (DPC)
)
(/usr/local/texlive/2011/texmf-dist/tex/latex/latexconfig/graphics.cfg
File: graphics.cfg 2010/04/23 v1.9 graphics configuration of TeX Live
)
Package graphics Info: Driver file: pdftex.def on input line 91.
)
\Gin@req@height=\dimen133
\Gin@req@width=\dimen134
)
(/usr/local/texlive/2011/texmf-dist/tex/plain/misc/pdfcolor.tex)
\distancetoright=\skip70
\py@argswidth=\skip71
\py@noticelength=\skip72
\lineblockindentation=\skip73
\image@box=\box39
\image@width=\dimen135

(/usr/local/texlive/2011/texmf-dist/tex/latex/hyperref/hyperref.sty
Package: hyperref 2011/04/17 v6.82g Hypertext links for LaTeX

(/usr/local/texlive/2011/texmf-dist/tex/generic/oberdiek/hobsub-hyperref.sty
Package: hobsub-hyperref 2011/04/23 v1.4 Bundle oberdiek, subset hyperref (HO)

(/usr/local/texlive/2011/texmf-dist/tex/generic/oberdiek/hobsub-generic.sty
Package: hobsub-generic 2011/04/23 v1.4 Bundle oberdiek, subset generic (HO)
Package: hobsub 2011/04/23 v1.4 Subsetting bundle oberdiek (HO)
Package hobsub Info: Skipping package `infwarerr' (already loaded).
Package hobsub Info: Skipping package `ltxcmds' (already loaded).
Package: ifluatex 2010/03/01 v1.3 Provides the ifluatex switch (HO)
Package ifluatex Info: LuaTeX not detected.
Package: ifvtex 2010/03/01 v1.5 Switches for detecting VTeX and its modes (HO)
Package ifvtex Info: VTeX not detected.
Package: intcalc 2007/09/27 v1.1 Expandable integer calculations (HO)
Package: ifpdf 2011/01/30 v2.3 Provides the ifpdf switch (HO)
Package ifpdf Info: pdfTeX in PDF mode is detected.
Package: etexcmds 2011/02/16 v1.5 Prefix for e-TeX command names (HO)
Package etexcmds Info: Could not find \expanded.
(etexcmds)             That can mean that you are not using pdfTeX 1.50 or
(etexcmds)             that some package has redefined \expanded.
(etexcmds)             In the latter case, load this package earlier.
Package: kvsetkeys 2011/04/07 v1.13 Key value parser (HO)
Package: kvdefinekeys 2011/04/07 v1.3 Defining keys (HO)
Package: pdftexcmds 2011/04/22 v0.16 Utilities of pdfTeX for LuaTeX (HO)
Package pdftexcmds Info: LuaTeX not detected.
Package pdftexcmds Info: \pdf@primitive is available.
Package pdftexcmds Info: \pdf@ifprimitive is available.
Package pdftexcmds Info: \pdfdraftmode found.
Package: pdfescape 2011/04/04 v1.12 Provides string conversions (HO)
Package: bigintcalc 2011/01/30 v1.2 Expandable big integer calculations (HO)
Package: bitset 2011/01/30 v1.1 Data type bit set (HO)
Package: uniquecounter 2011/01/30 v1.2 Provides unlimited unique counter (HO)
)
Package hobsub Info: Skipping package `hobsub' (already loaded).
Package: letltxmacro 2010/09/02 v1.4 Let assignment for LaTeX macros (HO)
Package: hopatch 2011/01/30 v1.0 Wrapper for package hooks (HO)
Package: xcolor-patch 2011/01/30 xcolor patch
Package: atveryend 2011/04/23 v1.7 Hooks at very end of document (HO)
Package atveryend Info: \enddocument detected (standard).
Package: atbegshi 2011/01/30 v1.15 At begin shipout hook (HO)
Package: refcount 2010/12/01 v3.2 Data extraction from references (HO)
Package: hycolor 2011/01/30 v1.7 Color options of hyperref/bookmark (HO)
)
(/usr/local/texlive/2011/texmf-dist/tex/generic/ifxetex/ifxetex.sty
Package: ifxetex 2010/09/12 v0.6 Provides ifxetex conditional
)
(/usr/local/texlive/2011/texmf-dist/tex/latex/oberdiek/kvoptions.sty
Package: kvoptions 2010/12/23 v3.10 Keyval support for LaTeX options (HO)
)
\@linkdim=\dimen136
\Hy@linkcounter=\count114
\Hy@pagecounter=\count115

(/usr/local/texlive/2011/texmf-dist/tex/latex/hyperref/pd1enc.def
File: pd1enc.def 2011/04/17 v6.82g Hyperref: PDFDocEncoding definition (HO)
Now handling font encoding PD1 ...
... no UTF-8 mapping file for font encoding PD1
)
\Hy@SavedSpaceFactor=\count116

(/usr/local/texlive/2011/texmf-dist/tex/latex/latexconfig/hyperref.cfg
File: hyperref.cfg 2002/06/06 v1.2 hyperref configuration of TeXLive
)
Package hyperref Info: Option `colorlinks' set `true' on input line 3905.
Package hyperref Info: Option `breaklinks' set `true' on input line 3905.
Package hyperref Info: Hyper figures OFF on input line 4026.
Package hyperref Info: Link nesting OFF on input line 4031.
Package hyperref Info: Hyper index ON on input line 4034.
Package hyperref Info: Plain pages OFF on input line 4041.
Package hyperref Info: Backreferencing OFF on input line 4046.
Package hyperref Info: Implicit mode ON; LaTeX internals redefined.
Package hyperref Info: Bookmarks ON on input line 4264.
\c@Hy@tempcnt=\count117

(/usr/local/texlive/2011/texmf-dist/tex/latex/url/url.sty
\Urlmuskip=\muskip11
Package: url 2006/04/12  ver 3.3  Verb mode for urls, etc.
)
LaTeX Info: Redefining \url on input line 4617.
\Fld@menulength=\count118
\Field@Width=\dimen137
\Fld@charsize=\dimen138
Package hyperref Info: Hyper figures OFF on input line 5701.
Package hyperref Info: Link nesting OFF on input line 5706.
Package hyperref Info: Hyper index ON on input line 5709.
Package hyperref Info: backreferencing OFF on input line 5716.
Package hyperref Info: Link coloring ON on input line 5719.
Package hyperref Info: Link coloring with OCG OFF on input line 5726.
Package hyperref Info: PDF/A mode OFF on input line 5731.
LaTeX Info: Redefining \ref on input line 5771.
LaTeX Info: Redefining \pageref on input line 5775.
\Hy@abspage=\count119
\c@Item=\count120
\c@Hfootnote=\count121
)

Package hyperref Message: Driver (autodetected): hpdftex.

(/usr/local/texlive/2011/texmf-dist/tex/latex/hyperref/hpdftex.def
File: hpdftex.def 2011/04/17 v6.82g Hyperref driver for pdfTeX
\Fld@listcount=\count122
\c@bookmark@seq@number=\count123

(/usr/local/texlive/2011/texmf-dist/tex/latex/oberdiek/rerunfilecheck.sty
Package: rerunfilecheck 2011/04/15 v1.7 Rerun checks for auxiliary files (HO)
Package uniquecounter Info: New unique counter `rerunfilecheck' on input line 2
82.
)
\Hy@SectionHShift=\skip74
)
(/usr/local/texlive/2011/texmf-dist/tex/latex/oberdiek/hypcap.sty
Package: hypcap 2011/02/16 v1.11 Adjusting anchors of captions (HO)
)
\DUlineblockindent=\skip75
)
\@indexfile=\write5
\openout5 = `PyMC.idx'.


Writing index file PyMC.idx
(./PyMC.aux)
\openout1 = `PyMC.aux'.

LaTeX Font Info:    Checking defaults for OML/cmm/m/it on input line 109.
LaTeX Font Info:    ... okay on input line 109.
LaTeX Font Info:    Checking defaults for T1/cmr/m/n on input line 109.
LaTeX Font Info:    ... okay on input line 109.
LaTeX Font Info:    Checking defaults for OT1/cmr/m/n on input line 109.
LaTeX Font Info:    ... okay on input line 109.
LaTeX Font Info:    Checking defaults for OMS/cmsy/m/n on input line 109.
LaTeX Font Info:    ... okay on input line 109.
LaTeX Font Info:    Checking defaults for OMX/cmex/m/n on input line 109.
LaTeX Font Info:    ... okay on input line 109.
LaTeX Font Info:    Checking defaults for U/cmr/m/n on input line 109.
LaTeX Font Info:    ... okay on input line 109.
LaTeX Font Info:    Checking defaults for TS1/cmr/m/n on input line 109.
LaTeX Font Info:    Try loading font information for TS1+cmr on input line 109.

 (/usr/local/texlive/2011/texmf-dist/tex/latex/base/ts1cmr.fd
File: ts1cmr.fd 1999/05/25 v2.5h Standard LaTeX font definitions
)
LaTeX Font Info:    ... okay on input line 109.
LaTeX Font Info:    Checking defaults for PD1/pdf/m/n on input line 109.
LaTeX Font Info:    ... okay on input line 109.
LaTeX Font Info:    Try loading font information for T1+ptm on input line 109.

(/usr/local/texlive/2011/texmf-dist/tex/latex/psnfss/t1ptm.fd
File: t1ptm.fd 2001/06/04 font definitions for T1/ptm.
)
(/usr/local/texlive/2011/texmf-dist/tex/context/base/supp-pdf.mkii
[Loading MPS to PDF converter (version 2006.09.02).]
\scratchcounter=\count124
\scratchdimen=\dimen139
\scratchbox=\box40
\nofMPsegments=\count125
\nofMParguments=\count126
\everyMPshowfont=\toks30
\MPscratchCnt=\count127
\MPscratchDim=\dimen140
\MPnumerator=\count128
\makeMPintoPDFobject=\count129
\everyMPtoPDFconversion=\toks31
) (/usr/local/texlive/2011/texmf-dist/tex/latex/oberdiek/epstopdf-base.sty
Package: epstopdf-base 2010/02/09 v2.5 Base part for package epstopdf

(/usr/local/texlive/2011/texmf-dist/tex/latex/oberdiek/grfext.sty
Package: grfext 2010/08/19 v1.1 Managing graphics extensions (HO)
)
Package grfext Info: Graphics extension search list:
(grfext)             [.png,.pdf,.jpg,.mps,.jpeg,.jbig2,.jb2,.PNG,.PDF,.JPG,.JPE
G,.JBIG2,.JB2,.eps]
(grfext)             \AppendGraphicsExtensions on input line 452.

(/usr/local/texlive/2011/texmf-dist/tex/latex/latexconfig/epstopdf-sys.cfg
File: epstopdf-sys.cfg 2010/07/13 v1.3 Configuration of (r)epstopdf for TeX Liv
e
))
\AtBeginShipoutBox=\box41
Package hyperref Info: Link coloring ON on input line 109.

(/usr/local/texlive/2011/texmf-dist/tex/latex/hyperref/nameref.sty
Package: nameref 2010/04/30 v2.40 Cross-referencing by name of section

(/usr/local/texlive/2011/texmf-dist/tex/generic/oberdiek/gettitlestring.sty
Package: gettitlestring 2010/12/03 v1.4 Cleanup title references (HO)
)
\c@section@level=\count130
)
LaTeX Info: Redefining \ref on input line 109.
LaTeX Info: Redefining \pageref on input line 109.
LaTeX Info: Redefining \nameref on input line 109.

(./PyMC.out) (./PyMC.out)
\@outlinefile=\write6
\openout6 = `PyMC.out'.


Underfull \hbox (badness 10000) in paragraph at lines 112--112

 []

LaTeX Font Info:    Try loading font information for T1+phv on input line 112.
(/usr/local/texlive/2011/texmf-dist/tex/latex/psnfss/t1phv.fd
File: t1phv.fd 2001/06/04 scalable font definitions for T1/phv.
)
LaTeX Font Info:    Font shape `T1/phv/bx/n' in size <24.88> not available
(Font)              Font shape `T1/phv/b/n' tried instead on input line 112.
LaTeX Font Info:    Font shape `T1/phv/m/it' in size <17.28> not available
(Font)              Font shape `T1/phv/m/sl' tried instead on input line 112.
LaTeX Font Info:    Font shape `T1/phv/bx/it' in size <17.28> not available
(Font)              Font shape `T1/phv/b/it' tried instead on input line 112.
LaTeX Font Info:    Font shape `T1/phv/b/it' in size <17.28> not available
(Font)              Font shape `T1/phv/b/sl' tried instead on input line 112.
LaTeX Font Info:    Font shape `T1/phv/bx/n' in size <17.28> not available
(Font)              Font shape `T1/phv/b/n' tried instead on input line 112.
 [1

{/usr/local/texlive/2011/texmf-var/fonts/map/pdftex/updmap/pdftex.map}] [2

] (./PyMC.toc
LaTeX Font Info:    Font shape `T1/ptm/bx/n' in size <10> not available
(Font)              Font shape `T1/ptm/b/n' tried instead on input line 2.
LaTeX Font Info:    Font shape `T1/phv/bx/n' in size <10> not available
(Font)              Font shape `T1/phv/b/n' tried instead on input line 51.
pdfTeX warning (ext4): destination with the same identifier (name{page.i}) has 
been already used, duplicate ignored
<to be read again> 
                   \relax 
l.51 ... posteriori estimatestes}{39}{section.5.3}
                                                   [1

])
\tf@toc=\write7
\openout7 = `PyMC.toc'.

pdfTeX warning (ext4): destination with the same identifier (name{page.ii}) has
 been already used, duplicate ignored
<to be read again> 
                   \relax 
l.112 \tableofcontents
                       [2] [1

] [2

]
Chapter 1.
LaTeX Font Info:    Font shape `T1/phv/bx/n' in size <14.4> not available
(Font)              Font shape `T1/phv/b/n' tried instead on input line 119.
LaTeX Font Info:    Try loading font information for TS1+ptm on input line 159.

(/usr/local/texlive/2011/texmf-dist/tex/latex/psnfss/ts1ptm.fd
File: ts1ptm.fd 2001/06/04 font definitions for TS1/ptm.
) [3]
LaTeX Font Info:    Try loading font information for T1+pcr on input line 226.

(/usr/local/texlive/2011/texmf-dist/tex/latex/psnfss/t1pcr.fd
File: t1pcr.fd 2001/06/04 font definitions for T1/pcr.
)
LaTeX Font Info:    Font shape `T1/pcr/m/it' in size <9> not available
(Font)              Font shape `T1/pcr/m/sl' tried instead on input line 227.
LaTeX Font Info:    Font shape `T1/pcr/bx/n' in size <9> not available
(Font)              Font shape `T1/pcr/b/n' tried instead on input line 228.
 [4] [5] [6

]
Chapter 2.
[7]
LaTeX Font Info:    Font shape `T1/phv/bx/n' in size <12> not available
(Font)              Font shape `T1/phv/b/n' tried instead on input line 417.
 [8] [9] [10

]
Chapter 3.

LaTeX Warning: Hyper reference `references:lutz-2007' on page 11 undefined on i
nput line 499.


LaTeX Warning: Hyper reference `references:langtangen-2009' on page 11 undefine
d on input line 499.


LaTeX Warning: Hyper reference `references:jarrett-1979' on page 11 undefined o
n input line 504.

<disasterts.pdf, id=484, 880.33665pt x 406.92076pt>
File: disasterts.pdf Graphic file (type pdf)
 <use disasterts.pdf>
Package pdftex.def Info: disasterts.pdf used on input line 509.
(pdftex.def)             Requested size: 880.3345pt x 406.91975pt.
File: disasterts.pdf Graphic file (type pdf)

<use disasterts.pdf>
Package pdftex.def Info: disasterts.pdf used on input line 509.
(pdftex.def)             Requested size: 469.755pt x 217.13852pt.
 [11 <./disasterts.pdf>]

LaTeX Warning: Hyper reference `references:jaynes-2003' on page 12 undefined on
 input line 548.

LaTeX Font Info:    Font shape `T1/pcr/bx/n' in size <10> not available
(Font)              Font shape `T1/pcr/b/n' tried instead on input line 552.
LaTeX Font Info:    Font shape `T1/ptm/bx/it' in size <10> not available
(Font)              Font shape `T1/ptm/b/it' tried instead on input line 552.

Overfull \hbox (96.17072pt too wide) in paragraph at lines 552--554
[]
 []

[12]
Overfull \hbox (891.93275pt too wide) in paragraph at lines 585--587
[]
 []

[13]
Overfull \hbox (229.44833pt too wide) in paragraph at lines 671--673
[]
 []

<DisasterModel2.pdf, id=523, 321.2pt x 239.89626pt>
File: DisasterModel2.pdf Graphic file (type pdf)
 <use DisasterModel2.pdf>
Package pdftex.def Info: DisasterModel2.pdf used on input line 679.
(pdftex.def)             Requested size: 321.19922pt x 239.89566pt.
File: DisasterModel2.pdf Graphic file (type pdf)

<use DisasterModel2.pdf>
Package pdftex.def Info: DisasterModel2.pdf used on input line 679.
(pdftex.def)             Requested size: 321.19922pt x 239.89566pt.
 [14] [15 <./DisasterModel2.pdf>] [16]

LaTeX Warning: Hyper reference `references:gamerman-1997' on page 17 undefined 
on input line 798.


LaTeX Warning: Hyper reference `references:gelman-2004' on page 17 undefined on
 input line 819.


LaTeX Warning: Hyper reference `references:gelman-2004' on page 17 undefined on
 input line 823.

[17] <ltrace.pdf, id=566, 807.33658pt x 590.50494pt>
File: ltrace.pdf Graphic file (type pdf)
 <use ltrace.pdf>
Package pdftex.def Info: ltrace.pdf used on input line 859.
(pdftex.def)             Requested size: 807.33461pt x 590.5035pt.
File: ltrace.pdf Graphic file (type pdf)

<use ltrace.pdf>
Package pdftex.def Info: ltrace.pdf used on input line 859.
(pdftex.def)             Requested size: 469.755pt x 343.59236pt.
 [18 <./ltrace.pdf>]
<spost.pdf, id=585, 735.05934pt x 445.95045pt>
File: spost.pdf Graphic file (type pdf)
 <use spost.pdf>
Package pdftex.def Info: spost.pdf used on input line 874.
(pdftex.def)             Requested size: 735.05754pt x 445.94937pt.
File: spost.pdf Graphic file (type pdf)
 <use spost.pdf>
Package pdftex.def Info: spost.pdf used on input line 874.
(pdftex.def)             Requested size: 469.755pt x 284.99904pt.


LaTeX Warning: Hyper reference `references:gelman-1996' on page 19 undefined on
 input line 877.

[19 <./spost.pdf>] [20] <missing.pdf, id=607, 735.05934pt x 445.95045pt>
File: missing.pdf Graphic file (type pdf)

<use missing.pdf>
Package pdftex.def Info: missing.pdf used on input line 1017.
(pdftex.def)             Requested size: 735.05754pt x 445.94937pt.
File: missing.pdf Graphic file (type pdf)
 <use missing.pdf>
Package pdftex.def Info: missing.pdf used on input line 1017.
(pdftex.def)             Requested size: 469.755pt x 284.99904pt.
 [21] [22 <./missing.pdf>] [23] [24

]
Chapter 4.

LaTeX Warning: Hyper reference `references:lauritzen-1990' on page 25 undefined
 on input line 1081.


LaTeX Warning: Reference `modelbuilding-disastermodel' on page 25 undefined on 
input line 1108.

[25]

LaTeX Warning: Reference `modelbuilding-disastermodel' on page 26 undefined on 
input line 1148.


LaTeX Warning: Reference `modelbuilding-disastermodel' on page 26 undefined on 
input line 1167.


LaTeX Warning: Hyper reference `references:vanrossum-2010' on page 26 undefined
 on input line 1183.

[26] [27]

LaTeX Warning: Reference `modelbuilding-disastermodel' on page 28 undefined on 
input line 1320.

[28]

LaTeX Warning: Hyper reference `references:kerman-2004' on page 29 undefined on
 input line 1408.

[29] [30]

LaTeX Warning: Reference `modelbuilding-disastermodel' on page 31 undefined on 
input line 1539.


LaTeX Warning: Reference `modelbuilding-disastermodel' on page 31 undefined on 
input line 1550.


LaTeX Warning: Hyper reference `references:lauritzen-1990' on page 31 undefined
 on input line 1556.


LaTeX Warning: Hyper reference `references:jordan-2004' on page 31 undefined on
 input line 1556.


LaTeX Warning: Reference `modelbuilding-disastermodel' on page 31 undefined on 
input line 1556.


LaTeX Warning: Hyper reference `references:christakos-2002' on page 31 undefine
d on input line 1556.

[31] [32]

LaTeX Warning: Hyper reference `references:lauritzen-1990' on page 33 undefined
 on input line 1638.


LaTeX Warning: Hyper reference `references:jordan-2004' on page 33 undefined on
 input line 1638.


LaTeX Warning: Reference `modelbuilding-disastermodel' on page 33 undefined on 
input line 1640.

<PotExample.pdf, id=697, 641.39626pt x 590.205pt>
File: PotExample.pdf Graphic file (type pdf)
 <use PotExample.pdf>
Package pdftex.def Info: PotExample.pdf used on input line 1652.
(pdftex.def)             Requested size: 641.39468pt x 590.20355pt.
File: PotExample.pdf Graphic file (type pdf)

<use PotExample.pdf>
Package pdftex.def Info: PotExample.pdf used on input line 1652.
(pdftex.def)             Requested size: 469.755pt x 432.26898pt.
 [33] [34 <./PotExample.pdf>] [35] [36

]
Chapter 5.

LaTeX Warning: Hyper reference `references:gelman-2004' on page 37 undefined on
 input line 1692.

[37]

LaTeX Warning: Hyper reference `references:jordan-2004' on page 38 undefined on
 input line 1783.


LaTeX Warning: Reference `modelfitting-disastermodel' on page 38 undefined on i
nput line 1810.


LaTeX Warning: Reference `modelfitting-disastermodel' on page 38 undefined on i
nput line 1815.

[38]
Underfull \hbox (badness 10000) in paragraph at lines 1843--1846
[]\T1/ptm/m/n/10 The op-ti-miza-tion method may be \T1/pcr/m/n/10 fmin\T1/ptm/m
/n/10 ,
 []


LaTeX Warning: Hyper reference `references:akaike-1973' on page 39 undefined on
 input line 1872.


LaTeX Warning: Hyper reference `references:schwarz-1978' on page 39 undefined o
n input line 1875.

[39] [40]
Overfull \hbox (0.57495pt too wide) in paragraph at lines 1979--1979
[]
 []


Underfull \hbox (badness 10000) in paragraph at lines 1979--1979

 []


LaTeX Warning: Hyper reference `references:brooks-2000' on page 41 undefined on
 input line 1995.


Underfull \hbox (badness 10000) in paragraph at lines 2017--2020
[]\T1/ptm/m/n/10 MCMC sam-plers' step meth-ods can be ac-cessed via the \T1/pcr
/m/n/10 step_method_dict \T1/ptm/m/n/10 at-tribute.
 []

[41] [42]
Underfull \hbox (badness 10000) in paragraph at lines 2102--2103
[]\T1/pcr/m/n/10 Metropolis \T1/ptm/m/n/10 it-self han-dles float-valued vari-a
bles, and sub-classes \T1/pcr/m/n/10 DiscreteMetropolis \T1/ptm/m/n/10 and
 []


LaTeX Warning: Hyper reference `references:roberts-2007' on page 43 undefined o
n input line 2162.

[43]

LaTeX Warning: Hyper reference `references:haario-2001' on page 44 undefined on
 input line 2169.

[44] [45] [46]
Chapter 6.
[47

]
LaTeX Font Info:    Font shape `T1/pcr/bx/n' in size <12> not available
(Font)              Font shape `T1/pcr/b/n' tried instead on input line 2386.
 [48] [49]

LaTeX Warning: Hyper reference `references:roelofs-2010' on page 50 undefined o
n input line 2508.


LaTeX Warning: Hyper reference `references:oberhumer-2008' on page 50 undefined
 on input line 2508.


LaTeX Warning: Hyper reference `references:seward-2007' on page 50 undefined on
 input line 2508.

[50]
Chapter 7.
<poormixing.pdf, id=823, 481.8pt x 433.62pt>
File: poormixing.pdf Graphic file (type pdf)
 <use poormixing.pdf>
Package pdftex.def Info: poormixing.pdf used on input line 2534.
(pdftex.def)             Requested size: 481.79881pt x 433.61894pt.
File: poormixing.pdf Graphic file (type pdf)

<use poormixing.pdf>
Package pdftex.def Info: poormixing.pdf used on input line 2534.
(pdftex.def)             Requested size: 469.755pt x 422.79434pt.
 [51

] [52 <./poormixing.pdf>]
<metastable.pdf, id=841, 481.8pt x 433.62pt>
File: metastable.pdf Graphic file (type pdf)
 <use metastable.pdf>
Package pdftex.def Info: metastable.pdf used on input line 2552.
(pdftex.def)             Requested size: 481.79881pt x 433.61894pt.
File: metastable.pdf Graphic file (type pdf)

<use metastable.pdf>
Package pdftex.def Info: metastable.pdf used on input line 2552.
(pdftex.def)             Requested size: 469.755pt x 422.79434pt.
 [53 <./metastable.pdf>]

LaTeX Warning: Hyper reference `references:geweke-1992' on page 54 undefined on
 input line 2568.

<geweke.png, id=851, 427.3566pt x 633.3261pt>
File: geweke.png Graphic file (type png)
 <use geweke.png>
Package pdftex.def Info: geweke.png used on input line 2601.
(pdftex.def)             Requested size: 427.35555pt x 633.32455pt.
File: geweke.png Graphic file (type png)

<use geweke.png>
Package pdftex.def Info: geweke.png used on input line 2601.
(pdftex.def)             Requested size: 427.35555pt x 633.32455pt.


LaTeX Warning: Float too large for page by 31.05948pt on input line 2606.

[54] [55 <./geweke.png>]

LaTeX Warning: Hyper reference `references:raftery-1995a' on page 56 undefined 
on input line 2668.


LaTeX Warning: Hyper reference `references:raftery-1995a' on page 56 undefined 
on input line 2680.


LaTeX Warning: Hyper reference `references:gamerman-1997' on page 56 undefined 
on input line 2680.

[56]

LaTeX Warning: Hyper reference `references:raftery-1995b' on page 57 undefined 
on input line 2711.


LaTeX Warning: Hyper reference `references:r-2010' on page 57 undefined on inpu
t line 2746.


LaTeX Warning: Hyper reference `references:plummer-2008' on page 57 undefined o
n input line 2746.

[57] <autocorr.png, id=888, 700.0554pt x 487.0998pt>
File: autocorr.png Graphic file (type png)
 <use autocorr.png>
Package pdftex.def Info: autocorr.png used on input line 2814.
(pdftex.def)             Requested size: 700.0537pt x 487.0986pt.
File: autocorr.png Graphic file (type png)

<use autocorr.png>
Package pdftex.def Info: autocorr.png used on input line 2814.
(pdftex.def)             Requested size: 469.755pt x 326.86058pt.
 [58 <./autocorr.png>]
<gof.png, id=897, 433.62pt x 289.08pt>
File: gof.png Graphic file (type png)
 <use gof.png>
Package pdftex.def Info: gof.png used on input line 2864.
(pdftex.def)             Requested size: 433.61894pt x 289.07928pt.
File: gof.png Graphic file (type png)
 <use gof.png>
Package pdftex.def Info: gof.png used on input line 2864.
(pdftex.def)             Requested size: 433.61894pt x 289.07928pt.
 [59]

LaTeX Warning: Hyper reference `references:gelman-1996' on page 60 undefined on
 input line 2875.


LaTeX Warning: Hyper reference `references:brooks-2000' on page 60 undefined on
 input line 2875.

<deviates.png, id=907, 559.8516pt x 394.1124pt>
File: deviates.png Graphic file (type png)
 <use deviates.png>
Package pdftex.def Info: deviates.png used on input line 2890.
(pdftex.def)             Requested size: 559.85022pt x 394.11142pt.
File: deviates.png Graphic file (type png)

<use deviates.png>
Package pdftex.def Info: deviates.png used on input line 2890.
(pdftex.def)             Requested size: 469.755pt x 330.69131pt.
 [60 <./gof.png>] [61 <./deviates.png>] [62

]
Chapter 8.
[63]

LaTeX Warning: Hyper reference `references:gelman-2004' on page 64 undefined on
 input line 2992.


Underfull \hbox (badness 10000) in paragraph at lines 3000--3001
[]\T1/ptm/m/n/10 This call causes $\OML/cmm/m/it/10 M$ \T1/ptm/m/n/10 to pass t
he ar-gu-ments \T1/pcr/m/n/10 cutoff\T1/ptm/m/n/10 , \T1/pcr/m/n/10 D.value.max
()\T1/ptm/m/n/10 , and \T1/pcr/m/n/10 np.inf \T1/ptm/m/n/10 to a
 []

[64] [65]
Underfull \hbox (badness 10000) in paragraph at lines 3088--3090
[]\T1/ptm/m/n/10 like
 []


LaTeX Warning: Hyper reference `references:roberts-2007' on page 66 undefined o
n input line 3101.


Underfull \hbox (badness 10000) in paragraph at lines 3124--3127
[]\T1/ptm/m/n/10 method may use the
 []

[66] [67] [68]
Chapter 9.
[69

] [70] [71] [72] [73] [74] [75] [76] [77] [78] [79] [80] [81] [82] [83]
[84

]
Chapter 10.
[85] [86

]
Chapter 11.
[87] [88

]
Chapter 12.
[89] <reject.pdf, id=1108, 739.27339pt x 382.69455pt>
File: reject.pdf Graphic file (type pdf)
 <use reject.pdf>
Package pdftex.def Info: reject.pdf used on input line 4681.
(pdftex.def)             Requested size: 739.27159pt x 382.6936pt.
File: reject.pdf Graphic file (type pdf)

<use reject.pdf>
Package pdftex.def Info: reject.pdf used on input line 4681.
(pdftex.def)             Requested size: 469.755pt x 243.17767pt.
 <envelope.pdf, id=1109, 481.9339pt x 481.9339pt>
File: envelope.pdf Graphic file (type pdf)

<use envelope.pdf>
Package pdftex.def Info: envelope.pdf used on input line 4693.
(pdftex.def)             Requested size: 481.93272pt x 481.93272pt.
File: envelope.pdf Graphic file (type pdf)
 <use envelope.pdf>
Package pdftex.def Info: envelope.pdf used on input line 4693.
(pdftex.def)             Requested size: 469.755pt x 469.77704pt.
 [90 <./reject.pdf>] [91 <./envelope.pdf>]

LaTeX Warning: Hyper reference `references:gamerman-1997' on page 92 undefined 
on input line 4702.


Overfull \hbox (486.02022pt too wide) in paragraph at lines 4762--4762
[] 
 []

[92]
Overfull \hbox (1648.5716pt too wide) in paragraph at lines 4780--4780
[] 
 []

[93] [94]

LaTeX Warning: Hyper reference `references:gamerman-1997' on page 95 undefined 
on input line 4960.

[95] [96

]
Chapter 13.
[97] [98

]
Chapter 14.
[99] [100

]
./PyMC.tex:4980: Missing $ inserted.
<inserted text> 
                $
l.4980 \bibitem[Akaike_1973]{Akaike_1973}
                                         {\phantomsection\label{references:a...
I've inserted a begin-math/end-math symbol since I think
you left one out. Proceed, with fingers crossed.

./PyMC.tex:4980: Missing $ inserted.
<inserted text> 
                $
l.4980 \bibitem[Akaike_1973]{Akaike_1973}
                                         {\phantomsection\label{references:a...
I've inserted a begin-math/end-math symbol since I think
you left one out. Proceed, with fingers crossed.

./PyMC.tex:4987: Missing $ inserted.
<inserted text> 
                $
l.4987 \bibitem[Bernardo_1992]{Bernardo_1992}
                                             {\phantomsection\label{referenc...
I've inserted a begin-math/end-math symbol since I think
you left one out. Proceed, with fingers crossed.

./PyMC.tex:4987: Missing $ inserted.
<inserted text> 
                $
l.4987 \bibitem[Bernardo_1992]{Bernardo_1992}
                                             {\phantomsection\label{referenc...
I've inserted a begin-math/end-math symbol since I think
you left one out. Proceed, with fingers crossed.

./PyMC.tex:4990: Missing $ inserted.
<inserted text> 
                $
l.4990 \bibitem[Brooks_2000]{Brooks_2000}
                                         {\phantomsection\label{references:b...
I've inserted a begin-math/end-math symbol since I think
you left one out. Proceed, with fingers crossed.

./PyMC.tex:4990: Missing $ inserted.
<inserted text> 
                $
l.4990 \bibitem[Brooks_2000]{Brooks_2000}
                                         {\phantomsection\label{references:b...
I've inserted a begin-math/end-math symbol since I think
you left one out. Proceed, with fingers crossed.

./PyMC.tex:4993: Missing $ inserted.
<inserted text> 
                $
l.4993 \bibitem[Burnham_2002]{Burnham_2002}
                                           {\phantomsection\label{references...
I've inserted a begin-math/end-math symbol since I think
you left one out. Proceed, with fingers crossed.

./PyMC.tex:4993: Missing $ inserted.
<inserted text> 
                $
l.4993 \bibitem[Burnham_2002]{Burnham_2002}
                                           {\phantomsection\label{references...
I've inserted a begin-math/end-math symbol since I think
you left one out. Proceed, with fingers crossed.

./PyMC.tex:4996: Missing $ inserted.
<inserted text> 
                $
l.4996 \bibitem[Christakos_2002]{Christakos_2002}
                                                 {\phantomsection\label{refe...
I've inserted a begin-math/end-math symbol since I think
you left one out. Proceed, with fingers crossed.

./PyMC.tex:4996: Missing $ inserted.
<inserted text> 
                $
l.4996 \bibitem[Christakos_2002]{Christakos_2002}
                                                 {\phantomsection\label{refe...
I've inserted a begin-math/end-math symbol since I think
you left one out. Proceed, with fingers crossed.

./PyMC.tex:5003: Missing $ inserted.
<inserted text> 
                $
l.5003 \bibitem[Gamerman_1997]{Gamerman_1997}
                                             {\phantomsection\label{referenc...
I've inserted a begin-math/end-math symbol since I think
you left one out. Proceed, with fingers crossed.

./PyMC.tex:5003: Missing $ inserted.
<inserted text> 
                $
l.5003 \bibitem[Gamerman_1997]{Gamerman_1997}
                                             {\phantomsection\label{referenc...
I've inserted a begin-math/end-math symbol since I think
you left one out. Proceed, with fingers crossed.

./PyMC.tex:5010: Missing $ inserted.
<inserted text> 
                $
l.5010 \bibitem[Gelman_1996]{Gelman_1996}
                                         {\phantomsection\label{references:g...
I've inserted a begin-math/end-math symbol since I think
you left one out. Proceed, with fingers crossed.

./PyMC.tex:5010: Missing $ inserted.
<inserted text> 
                $
l.5010 \bibitem[Gelman_1996]{Gelman_1996}
                                         {\phantomsection\label{references:g...
I've inserted a begin-math/end-math symbol since I think
you left one out. Proceed, with fingers crossed.

./PyMC.tex:5016: Missing $ inserted.
<inserted text> 
                $
l.5016 \bibitem[Gelman_2004]{Gelman_2004}
                                         {\phantomsection\label{references:g...
I've inserted a begin-math/end-math symbol since I think
you left one out. Proceed, with fingers crossed.

./PyMC.tex:5016: Missing $ inserted.
<inserted text> 
                $
l.5016 \bibitem[Gelman_2004]{Gelman_2004}
                                         {\phantomsection\label{references:g...
I've inserted a begin-math/end-math symbol since I think
you left one out. Proceed, with fingers crossed.

./PyMC.tex:5022: Missing $ inserted.
<inserted text> 
                $
l.5022 \bibitem[Geweke_1992]{Geweke_1992}
                                         {\phantomsection\label{references:g...
I've inserted a begin-math/end-math symbol since I think
you left one out. Proceed, with fingers crossed.

./PyMC.tex:5022: Missing $ inserted.
<inserted text> 
                $
l.5022 \bibitem[Geweke_1992]{Geweke_1992}
                                         {\phantomsection\label{references:g...
I've inserted a begin-math/end-math symbol since I think
you left one out. Proceed, with fingers crossed.

./PyMC.tex:5029: Missing $ inserted.
<inserted text> 
                $
l.5029 \bibitem[Haario_2001]{Haario_2001}
                                         {\phantomsection\label{references:h...
I've inserted a begin-math/end-math symbol since I think
you left one out. Proceed, with fingers crossed.

./PyMC.tex:5029: Missing $ inserted.
<inserted text> 
                $
l.5029 \bibitem[Haario_2001]{Haario_2001}
                                         {\phantomsection\label{references:h...
I've inserted a begin-math/end-math symbol since I think
you left one out. Proceed, with fingers crossed.

./PyMC.tex:5036: Missing $ inserted.
<inserted text> 
                $
l.5036 \bibitem[Jarrett_1979]{Jarrett_1979}
                                           {\phantomsection\label{references...
I've inserted a begin-math/end-math symbol since I think
you left one out. Proceed, with fingers crossed.

./PyMC.tex:5036: Missing $ inserted.
<inserted text> 
                $
l.5036 \bibitem[Jarrett_1979]{Jarrett_1979}
                                           {\phantomsection\label{references...
I've inserted a begin-math/end-math symbol since I think
you left one out. Proceed, with fingers crossed.

./PyMC.tex:5039: Missing $ inserted.
<inserted text> 
                $
l.5039 \bibitem[Jaynes_2003]{Jaynes_2003}
                                         {\phantomsection\label{references:j...
I've inserted a begin-math/end-math symbol since I think
you left one out. Proceed, with fingers crossed.

./PyMC.tex:5039: Missing $ inserted.
<inserted text> 
                $
l.5039 \bibitem[Jaynes_2003]{Jaynes_2003}
                                         {\phantomsection\label{references:j...
I've inserted a begin-math/end-math symbol since I think
you left one out. Proceed, with fingers crossed.

./PyMC.tex:5042: Missing $ inserted.
<inserted text> 
                $
l.5042 \bibitem[Jordan_2004]{Jordan_2004}
                                         {\phantomsection\label{references:j...
I've inserted a begin-math/end-math symbol since I think
you left one out. Proceed, with fingers crossed.

./PyMC.tex:5042: Missing $ inserted.
<inserted text> 
                $
l.5042 \bibitem[Jordan_2004]{Jordan_2004}
                                         {\phantomsection\label{references:j...
I've inserted a begin-math/end-math symbol since I think
you left one out. Proceed, with fingers crossed.

./PyMC.tex:5045: Missing $ inserted.
<inserted text> 
                $
l.5045 \bibitem[Kerman_2004]{Kerman_2004}
                                         {\phantomsection\label{references:k...
I've inserted a begin-math/end-math symbol since I think
you left one out. Proceed, with fingers crossed.

./PyMC.tex:5045: Missing $ inserted.
<inserted text> 
                $
l.5045 \bibitem[Kerman_2004]{Kerman_2004}
                                         {\phantomsection\label{references:k...
I've inserted a begin-math/end-math symbol since I think
you left one out. Proceed, with fingers crossed.


Underfull \hbox (badness 10000) in paragraph at lines 5048--5049
[]\T1/ptm/m/n/10 Kerman and A. Gel-man. Fully Bayesian com-put-ing. Avail-able 
at SSRN:
 []

./PyMC.tex:5052: Missing $ inserted.
<inserted text> 
                $
l.5052 \bibitem[Langtangen_2009]{Langtangen_2009}
                                                 {\phantomsection\label{refe...
I've inserted a begin-math/end-math symbol since I think
you left one out. Proceed, with fingers crossed.

./PyMC.tex:5052: Missing $ inserted.
<inserted text> 
                $
l.5052 \bibitem[Langtangen_2009]{Langtangen_2009}
                                                 {\phantomsection\label{refe...
I've inserted a begin-math/end-math symbol since I think
you left one out. Proceed, with fingers crossed.

./PyMC.tex:5055: Missing $ inserted.
<inserted text> 
                $
l.5055 \bibitem[Lauritzen_1990]{Lauritzen_1990}
                                               {\phantomsection\label{refere...
I've inserted a begin-math/end-math symbol since I think
you left one out. Proceed, with fingers crossed.

./PyMC.tex:5055: Missing $ inserted.
<inserted text> 
                $
l.5055 \bibitem[Lauritzen_1990]{Lauritzen_1990}
                                               {\phantomsection\label{refere...
I've inserted a begin-math/end-math symbol since I think
you left one out. Proceed, with fingers crossed.

./PyMC.tex:5058: Missing $ inserted.
<inserted text> 
                $
l.5058 \bibitem[Lutz_2007]{Lutz_2007}
                                     {\phantomsection\label{references:lutz_...
I've inserted a begin-math/end-math symbol since I think
you left one out. Proceed, with fingers crossed.

./PyMC.tex:5058: Missing $ inserted.
<inserted text> 
                $
l.5058 \bibitem[Lutz_2007]{Lutz_2007}
                                     {\phantomsection\label{references:lutz_...
I've inserted a begin-math/end-math symbol since I think
you left one out. Proceed, with fingers crossed.

./PyMC.tex:5065: Missing $ inserted.
<inserted text> 
                $
l.5065 \bibitem[Oberhumer_2008]{Oberhumer_2008}
                                               {\phantomsection\label{refere...
I've inserted a begin-math/end-math symbol since I think
you left one out. Proceed, with fingers crossed.

./PyMC.tex:5065: Missing $ inserted.
<inserted text> 
                $
l.5065 \bibitem[Oberhumer_2008]{Oberhumer_2008}
                                               {\phantomsection\label{refere...
I've inserted a begin-math/end-math symbol since I think
you left one out. Proceed, with fingers crossed.


Underfull \hbox (badness 10000) in paragraph at lines 5066--5068
[]\T1/ptm/m/n/10 M.F.X.J. Ober-humer. LZO Real-Time Data Com-pres-sion Li-brary
. 2008. URL
 []

[101

]
./PyMC.tex:5068: Missing $ inserted.
<inserted text> 
                $
l.5068 \bibitem[Plummer_2008]{Plummer_2008}
                                           {\phantomsection\label{references...
I've inserted a begin-math/end-math symbol since I think
you left one out. Proceed, with fingers crossed.

./PyMC.tex:5068: Missing $ inserted.
<inserted text> 
                $
l.5068 \bibitem[Plummer_2008]{Plummer_2008}
                                           {\phantomsection\label{references...
I've inserted a begin-math/end-math symbol since I think
you left one out. Proceed, with fingers crossed.

./PyMC.tex:5075: Missing $ inserted.
<inserted text> 
                $
l.5075 \bibitem[R_2010]{R_2010}
                               {\phantomsection\label{references:r_2010}
I've inserted a begin-math/end-math symbol since I think
you left one out. Proceed, with fingers crossed.

./PyMC.tex:5075: Missing $ inserted.
<inserted text> 
                $
l.5075 \bibitem[R_2010]{R_2010}
                               {\phantomsection\label{references:r_2010}
I've inserted a begin-math/end-math symbol since I think
you left one out. Proceed, with fingers crossed.

./PyMC.tex:5078: Missing $ inserted.
<inserted text> 
                $
l.5078 \bibitem[Raftery_1995a]{Raftery_1995a}
                                             {\phantomsection\label{referenc...
I've inserted a begin-math/end-math symbol since I think
you left one out. Proceed, with fingers crossed.

./PyMC.tex:5078: Missing $ inserted.
<inserted text> 
                $
l.5078 \bibitem[Raftery_1995a]{Raftery_1995a}
                                             {\phantomsection\label{referenc...
I've inserted a begin-math/end-math symbol since I think
you left one out. Proceed, with fingers crossed.

./PyMC.tex:5081: Missing $ inserted.
<inserted text> 
                $
l.5081 \bibitem[Raftery_1995b]{Raftery_1995b}
                                             {\phantomsection\label{referenc...
I've inserted a begin-math/end-math symbol since I think
you left one out. Proceed, with fingers crossed.

./PyMC.tex:5081: Missing $ inserted.
<inserted text> 
                $
l.5081 \bibitem[Raftery_1995b]{Raftery_1995b}
                                             {\phantomsection\label{referenc...
I've inserted a begin-math/end-math symbol since I think
you left one out. Proceed, with fingers crossed.

./PyMC.tex:5084: Missing $ inserted.
<inserted text> 
                $
l.5084 \bibitem[Roelofs_2010]{Roelofs_2010}
                                           {\phantomsection\label{references...
I've inserted a begin-math/end-math symbol since I think
you left one out. Proceed, with fingers crossed.

./PyMC.tex:5084: Missing $ inserted.
<inserted text> 
                $
l.5084 \bibitem[Roelofs_2010]{Roelofs_2010}
                                           {\phantomsection\label{references...
I've inserted a begin-math/end-math symbol since I think
you left one out. Proceed, with fingers crossed.

./PyMC.tex:5091: Missing $ inserted.
<inserted text> 
                $
l.5091 \bibitem[Roberts_2007]{Roberts_2007}
                                           {\phantomsection\label{references...
I've inserted a begin-math/end-math symbol since I think
you left one out. Proceed, with fingers crossed.

./PyMC.tex:5091: Missing $ inserted.
<inserted text> 
                $
l.5091 \bibitem[Roberts_2007]{Roberts_2007}
                                           {\phantomsection\label{references...
I've inserted a begin-math/end-math symbol since I think
you left one out. Proceed, with fingers crossed.

./PyMC.tex:5094: Missing $ inserted.
<inserted text> 
                $
l.5094 \bibitem[Schwarz_1978]{Schwarz_1978}
                                           {\phantomsection\label{references...
I've inserted a begin-math/end-math symbol since I think
you left one out. Proceed, with fingers crossed.

./PyMC.tex:5094: Missing $ inserted.
<inserted text> 
                $
l.5094 \bibitem[Schwarz_1978]{Schwarz_1978}
                                           {\phantomsection\label{references...
I've inserted a begin-math/end-math symbol since I think
you left one out. Proceed, with fingers crossed.

./PyMC.tex:5101: Missing $ inserted.
<inserted text> 
                $
l.5101 \bibitem[Seward_2007]{Seward_2007}
                                         {\phantomsection\label{references:s...
I've inserted a begin-math/end-math symbol since I think
you left one out. Proceed, with fingers crossed.

./PyMC.tex:5101: Missing $ inserted.
<inserted text> 
                $
l.5101 \bibitem[Seward_2007]{Seward_2007}
                                         {\phantomsection\label{references:s...
I've inserted a begin-math/end-math symbol since I think
you left one out. Proceed, with fingers crossed.

./PyMC.tex:5108: Missing $ inserted.
<inserted text> 
                $
l.5108 \bibitem[vanRossum_2010]{vanRossum_2010}
                                               {\phantomsection\label{refere...
I've inserted a begin-math/end-math symbol since I think
you left one out. Proceed, with fingers crossed.

./PyMC.tex:5108: Missing $ inserted.
<inserted text> 
                $
l.5108 \bibitem[vanRossum_2010]{vanRossum_2010}
                                               {\phantomsection\label{refere...
I've inserted a begin-math/end-math symbol since I think
you left one out. Proceed, with fingers crossed.

[102] [103



]
No file PyMC.ind.
Package atveryend Info: Empty hook `BeforeClearDocument' on input line 5127.
Package atveryend Info: Empty hook `AfterLastShipout' on input line 5127.
(./PyMC.aux)
Package atveryend Info: Executing hook `AtVeryEndDocument' on input line 5127.
Package atveryend Info: Executing hook `AtEndAfterFileList' on input line 5127.

Package rerunfilecheck Info: File `PyMC.out' has not changed.
(rerunfilecheck)             Checksum: 9543E9A07AC8B0094D17B6A0F918B057;4896.


LaTeX Warning: There were undefined references.

Package atveryend Info: Empty hook `AtVeryVeryEnd' on input line 5127.
 ) 
Here is how much of TeX's memory you used:
 9527 strings out of 493633
 135946 string characters out of 3143378
 239873 words of memory out of 3000000
 12254 multiletter control sequences out of 15000+200000
 78057 words of font info for 94 fonts, out of 3000000 for 9000
 832 hyphenation exceptions out of 8191
 38i,27n,51p,1155b,561s stack positions out of 5000i,500n,10000p,200000b,50000s
pdfTeX warning (dest): name{??} has been referenced but does not exist, repla
ced by a fixed one

{/usr/local/texlive/2011/texmf-dist/fonts/enc/dvips/base/8r.enc}</usr/local/tex
live/2011/texmf-dist/fonts/type1/public/amsfonts/cm/cmbx10.pfb></usr/local/texl
ive/2011/texmf-dist/fonts/type1/public/amsfonts/cm/cmbx7.pfb></usr/local/texliv
e/2011/texmf-dist/fonts/type1/public/amsfonts/cm/cmex10.pfb></usr/local/texlive
/2011/texmf-dist/fonts/type1/public/amsfonts/cm/cmmi10.pfb></usr/local/texlive/
2011/texmf-dist/fonts/type1/public/amsfonts/cm/cmmi5.pfb></usr/local/texlive/20
11/texmf-dist/fonts/type1/public/amsfonts/cm/cmmi7.pfb></usr/local/texlive/2011
/texmf-dist/fonts/type1/public/amsfonts/cm/cmr10.pfb></usr/local/texlive/2011/t
exmf-dist/fonts/type1/public/amsfonts/cm/cmr5.pfb></usr/local/texlive/2011/texm
f-dist/fonts/type1/public/amsfonts/cm/cmr7.pfb></usr/local/texlive/2011/texmf-d
ist/fonts/type1/public/amsfonts/cm/cmsy10.pfb></usr/local/texlive/2011/texmf-di
st/fonts/type1/public/amsfonts/cm/cmsy7.pfb></usr/local/texlive/2011/texmf-dist
/fonts/type1/urw/courier/ucrb8a.pfb></usr/local/texlive/2011/texmf-dist/fonts/t
ype1/urw/courier/ucrr8a.pfb></usr/local/texlive/2011/texmf-dist/fonts/type1/urw
/courier/ucrro8a.pfb></usr/local/texlive/2011/texmf-dist/fonts/type1/urw/helvet
ic/uhvb8a.pfb></usr/local/texlive/2011/texmf-dist/fonts/type1/urw/helvetic/uhvb
o8a.pfb></usr/local/texlive/2011/texmf-dist/fonts/type1/urw/helvetic/uhvr8a.pfb
></usr/local/texlive/2011/texmf-dist/fonts/type1/urw/times/utmb8a.pfb></usr/loc
al/texlive/2011/texmf-dist/fonts/type1/urw/times/utmbi8a.pfb></usr/local/texliv
e/2011/texmf-dist/fonts/type1/urw/times/utmr8a.pfb></usr/local/texlive/2011/tex
mf-dist/fonts/type1/urw/times/utmri8a.pfb>
Output written on PyMC.pdf (107 pages, 1243881 bytes).
PDF statistics:
 1431 PDF objects out of 1440 (max. 8388607)
 1246 compressed objects within 13 object streams
 362 named destinations out of 1000 (max. 500000)
 655 words of extra memory for PDF output out of 10000 (max. 10000000)

