\BOOKMARK [0][-]{chapter.1}{Introduction}{}% 1
\BOOKMARK [1][-]{section.1.1}{Purpose}{chapter.1}% 2
\BOOKMARK [1][-]{section.1.2}{Features}{chapter.1}% 3
\BOOKMARK [1][-]{section.1.3}{What's new in version 2}{chapter.1}% 4
\BOOKMARK [1][-]{section.1.4}{Usage}{chapter.1}% 5
\BOOKMARK [1][-]{section.1.5}{History}{chapter.1}% 6
\BOOKMARK [1][-]{section.1.6}{Relationship to other packages}{chapter.1}% 7
\BOOKMARK [1][-]{section.1.7}{Getting started}{chapter.1}% 8
\BOOKMARK [0][-]{chapter.2}{Installation}{}% 9
\BOOKMARK [1][-]{section.2.1}{Dependencies}{chapter.2}% 10
\BOOKMARK [1][-]{section.2.2}{Installation using EasyInstall}{chapter.2}% 11
\BOOKMARK [1][-]{section.2.3}{Installing from pre-built binaries}{chapter.2}% 12
\BOOKMARK [1][-]{section.2.4}{Compiling the source code}{chapter.2}% 13
\BOOKMARK [1][-]{section.2.5}{Development version}{chapter.2}% 14
\BOOKMARK [1][-]{section.2.6}{Running the test suite}{chapter.2}% 15
\BOOKMARK [1][-]{section.2.7}{Bugs and feature requests}{chapter.2}% 16
\BOOKMARK [0][-]{chapter.3}{Tutorial}{}% 17
\BOOKMARK [1][-]{section.3.1}{An example statistical model}{chapter.3}% 18
\BOOKMARK [1][-]{section.3.2}{Two types of variables}{chapter.3}% 19
\BOOKMARK [1][-]{section.3.3}{Parents and children}{chapter.3}% 20
\BOOKMARK [1][-]{section.3.4}{Variables' values and log-probabilities}{chapter.3}% 21
\BOOKMARK [1][-]{section.3.5}{Fitting the model with MCMC}{chapter.3}% 22
\BOOKMARK [1][-]{section.3.6}{Fine-tuning the MCMC algorithm}{chapter.3}% 23
\BOOKMARK [1][-]{section.3.7}{Beyond the basics}{chapter.3}% 24
\BOOKMARK [0][-]{chapter.4}{Building models}{}% 25
\BOOKMARK [1][-]{section.4.1}{The Stochastic class}{chapter.4}% 26
\BOOKMARK [1][-]{section.4.2}{A Warning: Don't update stochastic variables' values in-place}{chapter.4}% 27
\BOOKMARK [1][-]{section.4.3}{Data}{chapter.4}% 28
\BOOKMARK [1][-]{section.4.4}{The Deterministic class}{chapter.4}% 29
\BOOKMARK [1][-]{section.4.5}{Containers}{chapter.4}% 30
\BOOKMARK [1][-]{section.4.6}{The Potential class}{chapter.4}% 31
\BOOKMARK [1][-]{section.4.7}{Graphing models}{chapter.4}% 32
\BOOKMARK [1][-]{section.4.8}{Class LazyFunction and caching}{chapter.4}% 33
\BOOKMARK [0][-]{chapter.5}{Fitting Models}{}% 34
\BOOKMARK [1][-]{section.5.1}{Creating models}{chapter.5}% 35
\BOOKMARK [1][-]{section.5.2}{The Model class}{chapter.5}% 36
\BOOKMARK [1][-]{section.5.3}{Maximum a posteriori estimatestes}{chapter.5}% 37
\BOOKMARK [1][-]{section.5.4}{Normal approximations}{chapter.5}% 38
\BOOKMARK [1][-]{section.5.5}{Markov chain Monte Carlo: the MCMC class}{chapter.5}% 39
\BOOKMARK [1][-]{section.5.6}{The Sampler class}{chapter.5}% 40
\BOOKMARK [1][-]{section.5.7}{Step methods}{chapter.5}% 41
\BOOKMARK [1][-]{section.5.8}{Gibbs step methods}{chapter.5}% 42
\BOOKMARK [0][-]{chapter.6}{Saving and managing sampling results}{}% 43
\BOOKMARK [1][-]{section.6.1}{Accessing Sampled Data}{chapter.6}% 44
\BOOKMARK [1][-]{section.6.2}{Saving Data to Disk}{chapter.6}% 45
\BOOKMARK [1][-]{section.6.3}{Loading Back a Database}{chapter.6}% 46
\BOOKMARK [1][-]{section.6.4}{Writing a New Backend}{chapter.6}% 47
\BOOKMARK [0][-]{chapter.7}{Model checking and diagnostics}{}% 48
\BOOKMARK [1][-]{section.7.1}{Convergence Diagnostics}{chapter.7}% 49
\BOOKMARK [1][-]{section.7.2}{Autocorrelation Plots}{chapter.7}% 50
\BOOKMARK [1][-]{section.7.3}{Goodness of Fit}{chapter.7}% 51
\BOOKMARK [0][-]{chapter.8}{Extending PyMC}{}% 52
\BOOKMARK [1][-]{section.8.1}{Nonstandard Stochastics}{chapter.8}% 53
\BOOKMARK [1][-]{section.8.2}{User-defined step methods}{chapter.8}% 54
\BOOKMARK [1][-]{section.8.3}{New fitting algorithms}{chapter.8}% 55
\BOOKMARK [1][-]{section.8.4}{A second warning: Don't update stochastic variables' values in-place}{chapter.8}% 56
\BOOKMARK [0][-]{chapter.9}{Probability distributions}{}% 57
\BOOKMARK [1][-]{section.9.1}{Discrete distributions}{chapter.9}% 58
\BOOKMARK [1][-]{section.9.2}{Continuous distributions}{chapter.9}% 59
\BOOKMARK [1][-]{section.9.3}{Multivariate discrete distributions}{chapter.9}% 60
\BOOKMARK [1][-]{section.9.4}{Multivariate continuous distributions}{chapter.9}% 61
\BOOKMARK [0][-]{chapter.10}{Conclusion}{}% 62
\BOOKMARK [0][-]{chapter.11}{Acknowledgements}{}% 63
\BOOKMARK [0][-]{chapter.12}{Appendix: Markov Chain Monte Carlo}{}% 64
\BOOKMARK [1][-]{section.12.1}{Monte Carlo Methods in Bayesian Analysis}{chapter.12}% 65
\BOOKMARK [1][-]{section.12.2}{Markov Chains}{chapter.12}% 66
\BOOKMARK [1][-]{section.12.3}{Why MCMC Works: Reversible Markov Chains}{chapter.12}% 67
\BOOKMARK [1][-]{section.12.4}{Gibbs Sampling}{chapter.12}% 68
\BOOKMARK [1][-]{section.12.5}{The Metropolis-Hastings Algorithm}{chapter.12}% 69
\BOOKMARK [0][-]{chapter.13}{List of References}{}% 70
\BOOKMARK [0][-]{chapter.14}{Indices and tables}{}% 71
\BOOKMARK [0][-]{chapter*.47}{Bibliography}{}% 72
\BOOKMARK [0][-]{section*.75}{Python Module Index}{}% 73
